2018-02-13 11:48:48.916 [main] INFO  o.s.b.t.context.SpringBootTestContextBootstrapper - Neither @ContextConfiguration nor @ContextHierarchy found for test class [com.xmair.grpcclient.GrpcClientApplicationTests], using SpringBootContextLoader
2018-02-13 11:48:48.934 [main] INFO  o.s.test.context.support.AbstractContextLoader - Could not detect default resource locations for test class [com.xmair.grpcclient.GrpcClientApplicationTests]: no resource found for suffixes {-context.xml, Context.groovy}.
2018-02-13 11:48:48.936 [main] INFO  o.s.t.c.support.AnnotationConfigContextLoaderUtils - Could not detect default configuration classes for test class [com.xmair.grpcclient.GrpcClientApplicationTests]: GrpcClientApplicationTests does not declare any static, non-private, non-final, nested classes annotated with @Configuration.
2018-02-13 11:48:49.236 [main] INFO  o.s.b.t.context.SpringBootTestContextBootstrapper - Found @SpringBootConfiguration com.xmair.grpcclient.GrpcClientApplication for test class com.xmair.grpcclient.GrpcClientApplicationTests
2018-02-13 11:48:49.251 [main] INFO  o.s.b.t.context.SpringBootTestContextBootstrapper - Loaded default TestExecutionListener class names from location [META-INF/spring.factories]: [org.springframework.boot.test.mock.mockito.MockitoTestExecutionListener, org.springframework.boot.test.mock.mockito.ResetMocksTestExecutionListener, org.springframework.boot.test.autoconfigure.restdocs.RestDocsTestExecutionListener, org.springframework.boot.test.autoconfigure.web.client.MockRestServiceServerResetTestExecutionListener, org.springframework.boot.test.autoconfigure.web.servlet.MockMvcPrintOnlyOnFailureTestExecutionListener, org.springframework.boot.test.autoconfigure.web.servlet.WebDriverTestExecutionListener, org.springframework.test.context.web.ServletTestExecutionListener, org.springframework.test.context.support.DirtiesContextBeforeModesTestExecutionListener, org.springframework.test.context.support.DependencyInjectionTestExecutionListener, org.springframework.test.context.support.DirtiesContextTestExecutionListener, org.springframework.test.context.transaction.TransactionalTestExecutionListener, org.springframework.test.context.jdbc.SqlScriptsTestExecutionListener]
2018-02-13 11:48:49.345 [main] INFO  o.s.b.t.context.SpringBootTestContextBootstrapper - Using TestExecutionListeners: [org.springframework.test.context.web.ServletTestExecutionListener@418e7838, org.springframework.test.context.support.DirtiesContextBeforeModesTestExecutionListener@61230f6a, org.springframework.boot.test.autoconfigure.SpringBootDependencyInjectionTestExecutionListener@3c130745, org.springframework.test.context.support.DirtiesContextTestExecutionListener@cd3fee8, org.springframework.test.context.transaction.TransactionalTestExecutionListener@3e2e18f2, org.springframework.test.context.jdbc.SqlScriptsTestExecutionListener@470f1802, org.springframework.boot.test.mock.mockito.MockitoTestExecutionListener@63021689, org.springframework.boot.test.mock.mockito.ResetMocksTestExecutionListener@703580bf, org.springframework.boot.test.autoconfigure.web.servlet.MockMvcPrintOnlyOnFailureTestExecutionListener@3e92efc3, org.springframework.boot.test.autoconfigure.web.servlet.WebDriverTestExecutionListener@1622f1b, org.springframework.boot.test.autoconfigure.web.client.MockRestServiceServerResetTestExecutionListener@72a7c7e0, org.springframework.boot.test.autoconfigure.restdocs.RestDocsTestExecutionListener@2e4b8173]
2018-02-13 11:48:51.361 [main] INFO  com.xmair.grpcclient.GrpcClientApplicationTests - Starting GrpcClientApplicationTests on XXB-06645 with PID 8984 (started by wuzuquan in C:\IdeaProjects\microservice\grpc-client)
2018-02-13 11:48:51.361 [main] INFO  com.xmair.grpcclient.GrpcClientApplicationTests - The following profiles are active: dev
2018-02-13 11:48:51.501 [main] INFO  o.s.c.a.AnnotationConfigApplicationContext - Refreshing org.springframework.context.annotation.AnnotationConfigApplicationContext@33bc72d1: startup date [Tue Feb 13 11:48:51 CST 2018]; root of context hierarchy
2018-02-13 11:48:52.542 [background-preinit] INFO  org.hibernate.validator.internal.util.Version - HV000001: Hibernate Validator 5.3.6.Final
2018-02-13 11:48:53.442 [main] INFO  o.s.d.r.config.RepositoryConfigurationDelegate - Multiple Spring Data modules found, entering strict repository configuration mode!
2018-02-13 11:48:54.184 [main] INFO  o.s.c.s.PostProcessorRegistrationDelegate$BeanPostProcessorChecker - Bean 'org.springframework.amqp.rabbit.annotation.RabbitBootstrapConfiguration' of type [org.springframework.amqp.rabbit.annotation.RabbitBootstrapConfiguration$$EnhancerBySpringCGLIB$$7f2cd051] is not eligible for getting processed by all BeanPostProcessors (for example: not eligible for auto-proxying)
2018-02-13 11:48:54.294 [main] INFO  o.s.c.s.PostProcessorRegistrationDelegate$BeanPostProcessorChecker - Bean 'net.devh.springboot.autoconfigure.grpc.client.GrpcClientAutoConfiguration' of type [net.devh.springboot.autoconfigure.grpc.client.GrpcClientAutoConfiguration$$EnhancerBySpringCGLIB$$ca426a77] is not eligible for getting processed by all BeanPostProcessors (for example: not eligible for auto-proxying)
2018-02-13 11:48:54.622 [main] INFO  o.s.c.s.PostProcessorRegistrationDelegate$BeanPostProcessorChecker - Bean 'grpcChannelsProperties' of type [net.devh.springboot.autoconfigure.grpc.client.GrpcChannelsProperties] is not eligible for getting processed by all BeanPostProcessors (for example: not eligible for auto-proxying)
2018-02-13 11:48:54.637 [main] INFO  o.s.c.s.PostProcessorRegistrationDelegate$BeanPostProcessorChecker - Bean 'grpcLoadBalancerFactory' of type [io.grpc.util.RoundRobinLoadBalancerFactory] is not eligible for getting processed by all BeanPostProcessors (for example: not eligible for auto-proxying)
2018-02-13 11:48:54.653 [main] INFO  o.s.c.s.PostProcessorRegistrationDelegate$BeanPostProcessorChecker - Bean 'globalClientInterceptorRegistry' of type [net.devh.springboot.autoconfigure.grpc.client.GlobalClientInterceptorRegistry] is not eligible for getting processed by all BeanPostProcessors (for example: not eligible for auto-proxying)
2018-02-13 11:48:54.669 [main] INFO  o.s.c.s.PostProcessorRegistrationDelegate$BeanPostProcessorChecker - Bean 'addressChannelFactory' of type [net.devh.springboot.autoconfigure.grpc.client.AddressChannelFactory] is not eligible for getting processed by all BeanPostProcessors (for example: not eligible for auto-proxying)
2018-02-13 11:48:57.890 [main] INFO  o.s.context.support.DefaultLifecycleProcessor - Starting beans in phase 2147483647
2018-02-13 11:48:58.416 [main] INFO  n.d.s.a.grpc.server.GrpcServerLifecycle - gRPC Server started, listening on address: 0.0.0.0, port: 9090
2018-02-13 11:48:58.447 [main] INFO  com.xmair.grpcclient.GrpcClientApplicationTests - Started GrpcClientApplicationTests in 8.758 seconds (JVM running for 10.873)
2018-02-13 11:48:58.603 [Thread-3] INFO  o.s.c.a.AnnotationConfigApplicationContext - Closing org.springframework.context.annotation.AnnotationConfigApplicationContext@33bc72d1: startup date [Tue Feb 13 11:48:51 CST 2018]; root of context hierarchy
2018-02-13 11:48:58.603 [Thread-3] INFO  o.s.context.support.DefaultLifecycleProcessor - Stopping beans in phase 2147483647
2018-02-13 11:48:58.619 [Thread-3] INFO  n.d.s.a.grpc.server.GrpcServerLifecycle - gRPC server stopped
2018-02-13 13:59:28.248 [main] INFO  o.s.b.t.context.SpringBootTestContextBootstrapper - Neither @ContextConfiguration nor @ContextHierarchy found for test class [com.xmair.grpcclient.GrpcClientApplicationTests], using SpringBootContextLoader
2018-02-13 13:59:28.264 [main] INFO  o.s.test.context.support.AbstractContextLoader - Could not detect default resource locations for test class [com.xmair.grpcclient.GrpcClientApplicationTests]: no resource found for suffixes {-context.xml, Context.groovy}.
2018-02-13 13:59:28.279 [main] INFO  o.s.t.c.support.AnnotationConfigContextLoaderUtils - Could not detect default configuration classes for test class [com.xmair.grpcclient.GrpcClientApplicationTests]: GrpcClientApplicationTests does not declare any static, non-private, non-final, nested classes annotated with @Configuration.
2018-02-13 13:59:28.654 [main] INFO  o.s.b.t.context.SpringBootTestContextBootstrapper - Found @SpringBootConfiguration com.xmair.grpcclient.GrpcClientApplication for test class com.xmair.grpcclient.GrpcClientApplicationTests
2018-02-13 13:59:28.670 [main] INFO  o.s.b.t.context.SpringBootTestContextBootstrapper - Loaded default TestExecutionListener class names from location [META-INF/spring.factories]: [org.springframework.boot.test.mock.mockito.MockitoTestExecutionListener, org.springframework.boot.test.mock.mockito.ResetMocksTestExecutionListener, org.springframework.boot.test.autoconfigure.restdocs.RestDocsTestExecutionListener, org.springframework.boot.test.autoconfigure.web.client.MockRestServiceServerResetTestExecutionListener, org.springframework.boot.test.autoconfigure.web.servlet.MockMvcPrintOnlyOnFailureTestExecutionListener, org.springframework.boot.test.autoconfigure.web.servlet.WebDriverTestExecutionListener, org.springframework.test.context.web.ServletTestExecutionListener, org.springframework.test.context.support.DirtiesContextBeforeModesTestExecutionListener, org.springframework.test.context.support.DependencyInjectionTestExecutionListener, org.springframework.test.context.support.DirtiesContextTestExecutionListener, org.springframework.test.context.transaction.TransactionalTestExecutionListener, org.springframework.test.context.jdbc.SqlScriptsTestExecutionListener]
2018-02-13 13:59:28.779 [main] INFO  o.s.b.t.context.SpringBootTestContextBootstrapper - Using TestExecutionListeners: [org.springframework.test.context.web.ServletTestExecutionListener@2415fc55, org.springframework.test.context.support.DirtiesContextBeforeModesTestExecutionListener@14f232c4, org.springframework.boot.test.autoconfigure.SpringBootDependencyInjectionTestExecutionListener@13bc8645, org.springframework.test.context.support.DirtiesContextTestExecutionListener@24c22fe, org.springframework.test.context.transaction.TransactionalTestExecutionListener@93081b6, org.springframework.test.context.jdbc.SqlScriptsTestExecutionListener@cd1e646, org.springframework.boot.test.autoconfigure.web.servlet.MockMvcPrintOnlyOnFailureTestExecutionListener@7ba8c737, org.springframework.boot.test.mock.mockito.MockitoTestExecutionListener@1890516e, org.springframework.boot.test.autoconfigure.web.client.MockRestServiceServerResetTestExecutionListener@15a04efb, org.springframework.boot.test.autoconfigure.web.servlet.WebDriverTestExecutionListener@16c069df, org.springframework.boot.test.autoconfigure.restdocs.RestDocsTestExecutionListener@2bec854f, org.springframework.boot.test.mock.mockito.ResetMocksTestExecutionListener@31edaa7d]
2018-02-13 13:59:30.681 [main] INFO  com.xmair.grpcclient.GrpcClientApplicationTests - Starting GrpcClientApplicationTests on XXB-06645 with PID 476 (started by wuzuquan in C:\IdeaProjects\microservice\grpc-client)
2018-02-13 13:59:30.681 [main] INFO  com.xmair.grpcclient.GrpcClientApplicationTests - The following profiles are active: dev
2018-02-13 13:59:30.771 [main] INFO  o.s.c.a.AnnotationConfigApplicationContext - Refreshing org.springframework.context.annotation.AnnotationConfigApplicationContext@2ece4966: startup date [Tue Feb 13 13:59:30 CST 2018]; root of context hierarchy
2018-02-13 13:59:33.130 [background-preinit] INFO  org.hibernate.validator.internal.util.Version - HV000001: Hibernate Validator 5.3.6.Final
2018-02-13 13:59:34.005 [main] INFO  o.s.d.r.config.RepositoryConfigurationDelegate - Multiple Spring Data modules found, entering strict repository configuration mode!
2018-02-13 13:59:35.068 [main] INFO  o.s.c.s.PostProcessorRegistrationDelegate$BeanPostProcessorChecker - Bean 'org.springframework.amqp.rabbit.annotation.RabbitBootstrapConfiguration' of type [org.springframework.amqp.rabbit.annotation.RabbitBootstrapConfiguration$$EnhancerBySpringCGLIB$$41d3cd53] is not eligible for getting processed by all BeanPostProcessors (for example: not eligible for auto-proxying)
2018-02-13 13:59:35.208 [main] INFO  o.s.c.s.PostProcessorRegistrationDelegate$BeanPostProcessorChecker - Bean 'net.devh.springboot.autoconfigure.grpc.client.GrpcClientAutoConfiguration' of type [net.devh.springboot.autoconfigure.grpc.client.GrpcClientAutoConfiguration$$EnhancerBySpringCGLIB$$8ce96779] is not eligible for getting processed by all BeanPostProcessors (for example: not eligible for auto-proxying)
2018-02-13 13:59:35.724 [main] INFO  o.s.c.s.PostProcessorRegistrationDelegate$BeanPostProcessorChecker - Bean 'grpcChannelsProperties' of type [net.devh.springboot.autoconfigure.grpc.client.GrpcChannelsProperties] is not eligible for getting processed by all BeanPostProcessors (for example: not eligible for auto-proxying)
2018-02-13 13:59:35.880 [main] INFO  o.s.c.s.PostProcessorRegistrationDelegate$BeanPostProcessorChecker - Bean 'grpcLoadBalancerFactory' of type [io.grpc.util.RoundRobinLoadBalancerFactory] is not eligible for getting processed by all BeanPostProcessors (for example: not eligible for auto-proxying)
2018-02-13 13:59:35.911 [main] INFO  o.s.c.s.PostProcessorRegistrationDelegate$BeanPostProcessorChecker - Bean 'globalClientInterceptorRegistry' of type [net.devh.springboot.autoconfigure.grpc.client.GlobalClientInterceptorRegistry] is not eligible for getting processed by all BeanPostProcessors (for example: not eligible for auto-proxying)
2018-02-13 13:59:35.943 [main] INFO  o.s.c.s.PostProcessorRegistrationDelegate$BeanPostProcessorChecker - Bean 'addressChannelFactory' of type [net.devh.springboot.autoconfigure.grpc.client.AddressChannelFactory] is not eligible for getting processed by all BeanPostProcessors (for example: not eligible for auto-proxying)
2018-02-13 13:59:39.268 [main] INFO  o.s.context.support.DefaultLifecycleProcessor - Starting beans in phase 2147483647
2018-02-13 13:59:44.940 [main] INFO  n.d.s.a.grpc.server.GrpcServerLifecycle - gRPC Server started, listening on address: 0.0.0.0, port: 9090
2018-02-13 13:59:44.971 [main] INFO  com.xmair.grpcclient.GrpcClientApplicationTests - Started GrpcClientApplicationTests in 15.395 seconds (JVM running for 18.55)
2018-02-13 13:59:45.268 [Thread-3] INFO  o.s.c.a.AnnotationConfigApplicationContext - Closing org.springframework.context.annotation.AnnotationConfigApplicationContext@2ece4966: startup date [Tue Feb 13 13:59:30 CST 2018]; root of context hierarchy
2018-02-13 13:59:45.268 [Thread-3] INFO  o.s.context.support.DefaultLifecycleProcessor - Stopping beans in phase 2147483647
2018-02-13 13:59:45.268 [Thread-3] INFO  n.d.s.a.grpc.server.GrpcServerLifecycle - gRPC server stopped
2018-02-13 14:04:59.102 [main] INFO  o.s.b.t.context.SpringBootTestContextBootstrapper - Neither @ContextConfiguration nor @ContextHierarchy found for test class [com.xmair.grpcclient.GrpcClientApplicationTests], using SpringBootContextLoader
2018-02-13 14:04:59.118 [main] INFO  o.s.test.context.support.AbstractContextLoader - Could not detect default resource locations for test class [com.xmair.grpcclient.GrpcClientApplicationTests]: no resource found for suffixes {-context.xml, Context.groovy}.
2018-02-13 14:04:59.118 [main] INFO  o.s.t.c.support.AnnotationConfigContextLoaderUtils - Could not detect default configuration classes for test class [com.xmair.grpcclient.GrpcClientApplicationTests]: GrpcClientApplicationTests does not declare any static, non-private, non-final, nested classes annotated with @Configuration.
2018-02-13 14:04:59.837 [main] INFO  o.s.b.t.context.SpringBootTestContextBootstrapper - Found @SpringBootConfiguration com.xmair.grpcclient.GrpcClientApplication for test class com.xmair.grpcclient.GrpcClientApplicationTests
2018-02-13 14:04:59.868 [main] INFO  o.s.b.t.context.SpringBootTestContextBootstrapper - Loaded default TestExecutionListener class names from location [META-INF/spring.factories]: [org.springframework.boot.test.mock.mockito.MockitoTestExecutionListener, org.springframework.boot.test.mock.mockito.ResetMocksTestExecutionListener, org.springframework.boot.test.autoconfigure.restdocs.RestDocsTestExecutionListener, org.springframework.boot.test.autoconfigure.web.client.MockRestServiceServerResetTestExecutionListener, org.springframework.boot.test.autoconfigure.web.servlet.MockMvcPrintOnlyOnFailureTestExecutionListener, org.springframework.boot.test.autoconfigure.web.servlet.WebDriverTestExecutionListener, org.springframework.test.context.web.ServletTestExecutionListener, org.springframework.test.context.support.DirtiesContextBeforeModesTestExecutionListener, org.springframework.test.context.support.DependencyInjectionTestExecutionListener, org.springframework.test.context.support.DirtiesContextTestExecutionListener, org.springframework.test.context.transaction.TransactionalTestExecutionListener, org.springframework.test.context.jdbc.SqlScriptsTestExecutionListener]
2018-02-13 14:04:59.946 [main] INFO  o.s.b.t.context.SpringBootTestContextBootstrapper - Using TestExecutionListeners: [org.springframework.test.context.web.ServletTestExecutionListener@34b9f960, org.springframework.test.context.support.DirtiesContextBeforeModesTestExecutionListener@43015c69, org.springframework.boot.test.autoconfigure.SpringBootDependencyInjectionTestExecutionListener@19b89d4, org.springframework.test.context.support.DirtiesContextTestExecutionListener@4bbf6d0e, org.springframework.test.context.transaction.TransactionalTestExecutionListener@30b6ffe0, org.springframework.test.context.jdbc.SqlScriptsTestExecutionListener@791d1f8b, org.springframework.boot.test.mock.mockito.ResetMocksTestExecutionListener@2415fc55, org.springframework.boot.test.autoconfigure.restdocs.RestDocsTestExecutionListener@14f232c4, org.springframework.boot.test.autoconfigure.web.servlet.WebDriverTestExecutionListener@13bc8645, org.springframework.boot.test.autoconfigure.web.servlet.MockMvcPrintOnlyOnFailureTestExecutionListener@24c22fe, org.springframework.boot.test.autoconfigure.web.client.MockRestServiceServerResetTestExecutionListener@93081b6, org.springframework.boot.test.mock.mockito.MockitoTestExecutionListener@cd1e646]
2018-02-13 14:05:02.352 [main] INFO  com.xmair.grpcclient.GrpcClientApplicationTests - Starting GrpcClientApplicationTests on XXB-06645 with PID 3476 (started by wuzuquan in C:\IdeaProjects\microservice\grpc-client)
2018-02-13 14:05:02.352 [main] INFO  com.xmair.grpcclient.GrpcClientApplicationTests - The following profiles are active: dev
2018-02-13 14:05:02.477 [main] INFO  o.s.c.a.AnnotationConfigApplicationContext - Refreshing org.springframework.context.annotation.AnnotationConfigApplicationContext@295eaa7c: startup date [Tue Feb 13 14:05:02 CST 2018]; root of context hierarchy
2018-02-13 14:05:04.832 [background-preinit] INFO  org.hibernate.validator.internal.util.Version - HV000001: Hibernate Validator 5.3.6.Final
2018-02-13 14:05:06.097 [main] INFO  o.s.d.r.config.RepositoryConfigurationDelegate - Multiple Spring Data modules found, entering strict repository configuration mode!
2018-02-13 14:05:15.335 [main] INFO  o.s.c.s.PostProcessorRegistrationDelegate$BeanPostProcessorChecker - Bean 'org.springframework.amqp.rabbit.annotation.RabbitBootstrapConfiguration' of type [org.springframework.amqp.rabbit.annotation.RabbitBootstrapConfiguration$$EnhancerBySpringCGLIB$$919398c9] is not eligible for getting processed by all BeanPostProcessors (for example: not eligible for auto-proxying)
2018-02-13 14:05:15.428 [main] INFO  o.s.c.s.PostProcessorRegistrationDelegate$BeanPostProcessorChecker - Bean 'net.devh.springboot.autoconfigure.grpc.client.GrpcClientAutoConfiguration' of type [net.devh.springboot.autoconfigure.grpc.client.GrpcClientAutoConfiguration$$EnhancerBySpringCGLIB$$dca932ef] is not eligible for getting processed by all BeanPostProcessors (for example: not eligible for auto-proxying)
2018-02-13 14:05:15.694 [main] INFO  o.s.c.s.PostProcessorRegistrationDelegate$BeanPostProcessorChecker - Bean 'grpcChannelsProperties' of type [net.devh.springboot.autoconfigure.grpc.client.GrpcChannelsProperties] is not eligible for getting processed by all BeanPostProcessors (for example: not eligible for auto-proxying)
2018-02-13 14:05:15.710 [main] INFO  o.s.c.s.PostProcessorRegistrationDelegate$BeanPostProcessorChecker - Bean 'grpcLoadBalancerFactory' of type [io.grpc.util.RoundRobinLoadBalancerFactory] is not eligible for getting processed by all BeanPostProcessors (for example: not eligible for auto-proxying)
2018-02-13 14:05:15.736 [main] INFO  o.s.c.s.PostProcessorRegistrationDelegate$BeanPostProcessorChecker - Bean 'globalClientInterceptorRegistry' of type [net.devh.springboot.autoconfigure.grpc.client.GlobalClientInterceptorRegistry] is not eligible for getting processed by all BeanPostProcessors (for example: not eligible for auto-proxying)
2018-02-13 14:05:15.749 [main] INFO  o.s.c.s.PostProcessorRegistrationDelegate$BeanPostProcessorChecker - Bean 'addressChannelFactory' of type [net.devh.springboot.autoconfigure.grpc.client.AddressChannelFactory] is not eligible for getting processed by all BeanPostProcessors (for example: not eligible for auto-proxying)
2018-02-13 14:05:19.291 [main] INFO  o.s.context.support.DefaultLifecycleProcessor - Starting beans in phase 2147483647
2018-02-13 14:05:20.416 [main] WARN  o.s.c.a.AnnotationConfigApplicationContext - Exception encountered during context initialization - cancelling refresh attempt: org.springframework.context.ApplicationContextException: Failed to start bean 'grpcServerLifecycle'; nested exception is java.lang.IllegalStateException: java.io.IOException: Failed to bind
2018-02-13 14:05:20.494 [main] INFO  o.s.b.a.l.AutoConfigurationReportLoggingInitializer - 

Error starting ApplicationContext. To display the auto-configuration report re-run your application with 'debug' enabled.
2018-02-13 14:05:20.525 [main] ERROR org.springframework.boot.SpringApplication - Application startup failed
org.springframework.context.ApplicationContextException: Failed to start bean 'grpcServerLifecycle'; nested exception is java.lang.IllegalStateException: java.io.IOException: Failed to bind
	at org.springframework.context.support.DefaultLifecycleProcessor.doStart(DefaultLifecycleProcessor.java:178)
	at org.springframework.context.support.DefaultLifecycleProcessor.access$200(DefaultLifecycleProcessor.java:50)
	at org.springframework.context.support.DefaultLifecycleProcessor$LifecycleGroup.start(DefaultLifecycleProcessor.java:348)
	at org.springframework.context.support.DefaultLifecycleProcessor.startBeans(DefaultLifecycleProcessor.java:151)
	at org.springframework.context.support.DefaultLifecycleProcessor.onRefresh(DefaultLifecycleProcessor.java:114)
	at org.springframework.context.support.AbstractApplicationContext.finishRefresh(AbstractApplicationContext.java:880)
	at org.springframework.context.support.AbstractApplicationContext.refresh(AbstractApplicationContext.java:546)
	at org.springframework.boot.SpringApplication.refresh(SpringApplication.java:693)
	at org.springframework.boot.SpringApplication.refreshContext(SpringApplication.java:360)
	at org.springframework.boot.SpringApplication.run(SpringApplication.java:303)
	at org.springframework.boot.test.context.SpringBootContextLoader.loadContext(SpringBootContextLoader.java:120)
	at org.springframework.test.context.cache.DefaultCacheAwareContextLoaderDelegate.loadContextInternal(DefaultCacheAwareContextLoaderDelegate.java:98)
	at org.springframework.test.context.cache.DefaultCacheAwareContextLoaderDelegate.loadContext(DefaultCacheAwareContextLoaderDelegate.java:116)
	at org.springframework.test.context.support.DefaultTestContext.getApplicationContext(DefaultTestContext.java:83)
	at org.springframework.test.context.support.DependencyInjectionTestExecutionListener.injectDependencies(DependencyInjectionTestExecutionListener.java:117)
	at org.springframework.test.context.support.DependencyInjectionTestExecutionListener.prepareTestInstance(DependencyInjectionTestExecutionListener.java:83)
	at org.springframework.boot.test.autoconfigure.SpringBootDependencyInjectionTestExecutionListener.prepareTestInstance(SpringBootDependencyInjectionTestExecutionListener.java:44)
	at org.springframework.test.context.TestContextManager.prepareTestInstance(TestContextManager.java:230)
	at org.springframework.test.context.junit4.SpringJUnit4ClassRunner.createTest(SpringJUnit4ClassRunner.java:228)
	at org.springframework.test.context.junit4.SpringJUnit4ClassRunner$1.runReflectiveCall(SpringJUnit4ClassRunner.java:287)
	at org.junit.internal.runners.model.ReflectiveCallable.run(ReflectiveCallable.java:12)
	at org.springframework.test.context.junit4.SpringJUnit4ClassRunner.methodBlock(SpringJUnit4ClassRunner.java:289)
	at org.springframework.test.context.junit4.SpringJUnit4ClassRunner.runChild(SpringJUnit4ClassRunner.java:247)
	at org.springframework.test.context.junit4.SpringJUnit4ClassRunner.runChild(SpringJUnit4ClassRunner.java:94)
	at org.junit.runners.ParentRunner$3.run(ParentRunner.java:290)
	at org.junit.runners.ParentRunner$1.schedule(ParentRunner.java:71)
	at org.junit.runners.ParentRunner.runChildren(ParentRunner.java:288)
	at org.junit.runners.ParentRunner.access$000(ParentRunner.java:58)
	at org.junit.runners.ParentRunner$2.evaluate(ParentRunner.java:268)
	at org.springframework.test.context.junit4.statements.RunBeforeTestClassCallbacks.evaluate(RunBeforeTestClassCallbacks.java:61)
	at org.springframework.test.context.junit4.statements.RunAfterTestClassCallbacks.evaluate(RunAfterTestClassCallbacks.java:70)
	at org.junit.runners.ParentRunner.run(ParentRunner.java:363)
	at org.springframework.test.context.junit4.SpringJUnit4ClassRunner.run(SpringJUnit4ClassRunner.java:191)
	at org.junit.runner.JUnitCore.run(JUnitCore.java:137)
	at com.intellij.junit4.JUnit4IdeaTestRunner.startRunnerWithArgs(JUnit4IdeaTestRunner.java:68)
	at com.intellij.rt.execution.junit.IdeaTestRunner$Repeater.startRunnerWithArgs(IdeaTestRunner.java:47)
	at com.intellij.rt.execution.junit.JUnitStarter.prepareStreamsAndStart(JUnitStarter.java:242)
	at com.intellij.rt.execution.junit.JUnitStarter.main(JUnitStarter.java:70)
Caused by: java.lang.IllegalStateException: java.io.IOException: Failed to bind
	at net.devh.springboot.autoconfigure.grpc.server.GrpcServerLifecycle.start(GrpcServerLifecycle.java:33)
	at org.springframework.context.support.DefaultLifecycleProcessor.doStart(DefaultLifecycleProcessor.java:175)
	... 37 common frames omitted
Caused by: java.io.IOException: Failed to bind
	at io.grpc.netty.NettyServer.start(NettyServer.java:206)
	at io.grpc.internal.ServerImpl.start(ServerImpl.java:151)
	at io.grpc.internal.ServerImpl.start(ServerImpl.java:75)
	at net.devh.springboot.autoconfigure.grpc.server.GrpcServerLifecycle.createAndStartGrpcServer(GrpcServerLifecycle.java:67)
	at net.devh.springboot.autoconfigure.grpc.server.GrpcServerLifecycle.start(GrpcServerLifecycle.java:31)
	... 38 common frames omitted
Caused by: java.net.BindException: Address already in use: bind
	at sun.nio.ch.Net.bind0(Native Method)
	at sun.nio.ch.Net.bind(Net.java:433)
	at sun.nio.ch.Net.bind(Net.java:425)
	at sun.nio.ch.ServerSocketChannelImpl.bind(ServerSocketChannelImpl.java:223)
	at io.netty.channel.socket.nio.NioServerSocketChannel.doBind(NioServerSocketChannel.java:128)
	at io.netty.channel.AbstractChannel$AbstractUnsafe.bind(AbstractChannel.java:558)
	at io.netty.channel.DefaultChannelPipeline$HeadContext.bind(DefaultChannelPipeline.java:1283)
	at io.netty.channel.AbstractChannelHandlerContext.invokeBind(AbstractChannelHandlerContext.java:501)
	at io.netty.channel.AbstractChannelHandlerContext.bind(AbstractChannelHandlerContext.java:486)
	at io.netty.channel.DefaultChannelPipeline.bind(DefaultChannelPipeline.java:989)
	at io.netty.channel.AbstractChannel.bind(AbstractChannel.java:254)
	at io.netty.bootstrap.AbstractBootstrap$2.run(AbstractBootstrap.java:364)
	at io.netty.util.concurrent.AbstractEventExecutor.safeExecute(AbstractEventExecutor.java:163)
	at io.netty.util.concurrent.SingleThreadEventExecutor.runAllTasks(SingleThreadEventExecutor.java:403)
	at io.netty.channel.nio.NioEventLoop.run(NioEventLoop.java:463)
	at io.netty.util.concurrent.SingleThreadEventExecutor$5.run(SingleThreadEventExecutor.java:858)
	at io.netty.util.concurrent.DefaultThreadFactory$DefaultRunnableDecorator.run(DefaultThreadFactory.java:138)
	at java.lang.Thread.run(Thread.java:745)
2018-02-13 14:05:20.729 [main] INFO  com.xmair.grpcclient.GrpcClientApplicationTests - Starting GrpcClientApplicationTests on XXB-06645 with PID 3476 (started by wuzuquan in C:\IdeaProjects\microservice\grpc-client)
2018-02-13 14:05:20.729 [main] INFO  com.xmair.grpcclient.GrpcClientApplicationTests - The following profiles are active: dev
2018-02-13 14:05:20.744 [main] INFO  o.s.c.a.AnnotationConfigApplicationContext - Refreshing org.springframework.context.annotation.AnnotationConfigApplicationContext@545d2560: startup date [Tue Feb 13 14:05:20 CST 2018]; root of context hierarchy
2018-02-13 14:05:21.572 [main] INFO  o.s.d.r.config.RepositoryConfigurationDelegate - Multiple Spring Data modules found, entering strict repository configuration mode!
2018-02-13 14:05:21.682 [main] INFO  o.s.c.s.PostProcessorRegistrationDelegate$BeanPostProcessorChecker - Bean 'org.springframework.amqp.rabbit.annotation.RabbitBootstrapConfiguration' of type [org.springframework.amqp.rabbit.annotation.RabbitBootstrapConfiguration$$EnhancerBySpringCGLIB$$919398c9] is not eligible for getting processed by all BeanPostProcessors (for example: not eligible for auto-proxying)
2018-02-13 14:05:21.729 [main] INFO  o.s.c.s.PostProcessorRegistrationDelegate$BeanPostProcessorChecker - Bean 'net.devh.springboot.autoconfigure.grpc.client.GrpcClientAutoConfiguration' of type [net.devh.springboot.autoconfigure.grpc.client.GrpcClientAutoConfiguration$$EnhancerBySpringCGLIB$$dca932ef] is not eligible for getting processed by all BeanPostProcessors (for example: not eligible for auto-proxying)
2018-02-13 14:05:21.776 [main] INFO  o.s.c.s.PostProcessorRegistrationDelegate$BeanPostProcessorChecker - Bean 'grpcChannelsProperties' of type [net.devh.springboot.autoconfigure.grpc.client.GrpcChannelsProperties] is not eligible for getting processed by all BeanPostProcessors (for example: not eligible for auto-proxying)
2018-02-13 14:05:21.791 [main] INFO  o.s.c.s.PostProcessorRegistrationDelegate$BeanPostProcessorChecker - Bean 'grpcLoadBalancerFactory' of type [io.grpc.util.RoundRobinLoadBalancerFactory] is not eligible for getting processed by all BeanPostProcessors (for example: not eligible for auto-proxying)
2018-02-13 14:05:21.791 [main] INFO  o.s.c.s.PostProcessorRegistrationDelegate$BeanPostProcessorChecker - Bean 'globalClientInterceptorRegistry' of type [net.devh.springboot.autoconfigure.grpc.client.GlobalClientInterceptorRegistry] is not eligible for getting processed by all BeanPostProcessors (for example: not eligible for auto-proxying)
2018-02-13 14:05:21.791 [main] INFO  o.s.c.s.PostProcessorRegistrationDelegate$BeanPostProcessorChecker - Bean 'addressChannelFactory' of type [net.devh.springboot.autoconfigure.grpc.client.AddressChannelFactory] is not eligible for getting processed by all BeanPostProcessors (for example: not eligible for auto-proxying)
2018-02-13 14:05:25.900 [main] INFO  o.s.context.support.DefaultLifecycleProcessor - Starting beans in phase 2147483647
2018-02-13 14:05:25.900 [main] WARN  o.s.c.a.AnnotationConfigApplicationContext - Exception encountered during context initialization - cancelling refresh attempt: org.springframework.context.ApplicationContextException: Failed to start bean 'grpcServerLifecycle'; nested exception is java.lang.IllegalStateException: java.io.IOException: Failed to bind
2018-02-13 14:05:25.916 [main] INFO  o.s.b.a.l.AutoConfigurationReportLoggingInitializer - 

Error starting ApplicationContext. To display the auto-configuration report re-run your application with 'debug' enabled.
2018-02-13 14:05:25.932 [main] ERROR org.springframework.boot.SpringApplication - Application startup failed
org.springframework.context.ApplicationContextException: Failed to start bean 'grpcServerLifecycle'; nested exception is java.lang.IllegalStateException: java.io.IOException: Failed to bind
	at org.springframework.context.support.DefaultLifecycleProcessor.doStart(DefaultLifecycleProcessor.java:178)
	at org.springframework.context.support.DefaultLifecycleProcessor.access$200(DefaultLifecycleProcessor.java:50)
	at org.springframework.context.support.DefaultLifecycleProcessor$LifecycleGroup.start(DefaultLifecycleProcessor.java:348)
	at org.springframework.context.support.DefaultLifecycleProcessor.startBeans(DefaultLifecycleProcessor.java:151)
	at org.springframework.context.support.DefaultLifecycleProcessor.onRefresh(DefaultLifecycleProcessor.java:114)
	at org.springframework.context.support.AbstractApplicationContext.finishRefresh(AbstractApplicationContext.java:880)
	at org.springframework.context.support.AbstractApplicationContext.refresh(AbstractApplicationContext.java:546)
	at org.springframework.boot.SpringApplication.refresh(SpringApplication.java:693)
	at org.springframework.boot.SpringApplication.refreshContext(SpringApplication.java:360)
	at org.springframework.boot.SpringApplication.run(SpringApplication.java:303)
	at org.springframework.boot.test.context.SpringBootContextLoader.loadContext(SpringBootContextLoader.java:120)
	at org.springframework.test.context.cache.DefaultCacheAwareContextLoaderDelegate.loadContextInternal(DefaultCacheAwareContextLoaderDelegate.java:98)
	at org.springframework.test.context.cache.DefaultCacheAwareContextLoaderDelegate.loadContext(DefaultCacheAwareContextLoaderDelegate.java:116)
	at org.springframework.test.context.support.DefaultTestContext.getApplicationContext(DefaultTestContext.java:83)
	at org.springframework.boot.test.autoconfigure.SpringBootDependencyInjectionTestExecutionListener.outputConditionEvaluationReport(SpringBootDependencyInjectionTestExecutionListener.java:54)
	at org.springframework.boot.test.autoconfigure.SpringBootDependencyInjectionTestExecutionListener.prepareTestInstance(SpringBootDependencyInjectionTestExecutionListener.java:47)
	at org.springframework.test.context.TestContextManager.prepareTestInstance(TestContextManager.java:230)
	at org.springframework.test.context.junit4.SpringJUnit4ClassRunner.createTest(SpringJUnit4ClassRunner.java:228)
	at org.springframework.test.context.junit4.SpringJUnit4ClassRunner$1.runReflectiveCall(SpringJUnit4ClassRunner.java:287)
	at org.junit.internal.runners.model.ReflectiveCallable.run(ReflectiveCallable.java:12)
	at org.springframework.test.context.junit4.SpringJUnit4ClassRunner.methodBlock(SpringJUnit4ClassRunner.java:289)
	at org.springframework.test.context.junit4.SpringJUnit4ClassRunner.runChild(SpringJUnit4ClassRunner.java:247)
	at org.springframework.test.context.junit4.SpringJUnit4ClassRunner.runChild(SpringJUnit4ClassRunner.java:94)
	at org.junit.runners.ParentRunner$3.run(ParentRunner.java:290)
	at org.junit.runners.ParentRunner$1.schedule(ParentRunner.java:71)
	at org.junit.runners.ParentRunner.runChildren(ParentRunner.java:288)
	at org.junit.runners.ParentRunner.access$000(ParentRunner.java:58)
	at org.junit.runners.ParentRunner$2.evaluate(ParentRunner.java:268)
	at org.springframework.test.context.junit4.statements.RunBeforeTestClassCallbacks.evaluate(RunBeforeTestClassCallbacks.java:61)
	at org.springframework.test.context.junit4.statements.RunAfterTestClassCallbacks.evaluate(RunAfterTestClassCallbacks.java:70)
	at org.junit.runners.ParentRunner.run(ParentRunner.java:363)
	at org.springframework.test.context.junit4.SpringJUnit4ClassRunner.run(SpringJUnit4ClassRunner.java:191)
	at org.junit.runner.JUnitCore.run(JUnitCore.java:137)
	at com.intellij.junit4.JUnit4IdeaTestRunner.startRunnerWithArgs(JUnit4IdeaTestRunner.java:68)
	at com.intellij.rt.execution.junit.IdeaTestRunner$Repeater.startRunnerWithArgs(IdeaTestRunner.java:47)
	at com.intellij.rt.execution.junit.JUnitStarter.prepareStreamsAndStart(JUnitStarter.java:242)
	at com.intellij.rt.execution.junit.JUnitStarter.main(JUnitStarter.java:70)
Caused by: java.lang.IllegalStateException: java.io.IOException: Failed to bind
	at net.devh.springboot.autoconfigure.grpc.server.GrpcServerLifecycle.start(GrpcServerLifecycle.java:33)
	at org.springframework.context.support.DefaultLifecycleProcessor.doStart(DefaultLifecycleProcessor.java:175)
	... 36 common frames omitted
Caused by: java.io.IOException: Failed to bind
	at io.grpc.netty.NettyServer.start(NettyServer.java:206)
	at io.grpc.internal.ServerImpl.start(ServerImpl.java:151)
	at io.grpc.internal.ServerImpl.start(ServerImpl.java:75)
	at net.devh.springboot.autoconfigure.grpc.server.GrpcServerLifecycle.createAndStartGrpcServer(GrpcServerLifecycle.java:67)
	at net.devh.springboot.autoconfigure.grpc.server.GrpcServerLifecycle.start(GrpcServerLifecycle.java:31)
	... 37 common frames omitted
Caused by: java.net.BindException: Address already in use: bind
	at sun.nio.ch.Net.bind0(Native Method)
	at sun.nio.ch.Net.bind(Net.java:433)
	at sun.nio.ch.Net.bind(Net.java:425)
	at sun.nio.ch.ServerSocketChannelImpl.bind(ServerSocketChannelImpl.java:223)
	at io.netty.channel.socket.nio.NioServerSocketChannel.doBind(NioServerSocketChannel.java:128)
	at io.netty.channel.AbstractChannel$AbstractUnsafe.bind(AbstractChannel.java:558)
	at io.netty.channel.DefaultChannelPipeline$HeadContext.bind(DefaultChannelPipeline.java:1283)
	at io.netty.channel.AbstractChannelHandlerContext.invokeBind(AbstractChannelHandlerContext.java:501)
	at io.netty.channel.AbstractChannelHandlerContext.bind(AbstractChannelHandlerContext.java:486)
	at io.netty.channel.DefaultChannelPipeline.bind(DefaultChannelPipeline.java:989)
	at io.netty.channel.AbstractChannel.bind(AbstractChannel.java:254)
	at io.netty.bootstrap.AbstractBootstrap$2.run(AbstractBootstrap.java:364)
	at io.netty.util.concurrent.AbstractEventExecutor.safeExecute(AbstractEventExecutor.java:163)
	at io.netty.util.concurrent.SingleThreadEventExecutor.runAllTasks(SingleThreadEventExecutor.java:403)
	at io.netty.channel.nio.NioEventLoop.run(NioEventLoop.java:463)
	at io.netty.util.concurrent.SingleThreadEventExecutor$5.run(SingleThreadEventExecutor.java:858)
	at io.netty.util.concurrent.DefaultThreadFactory$DefaultRunnableDecorator.run(DefaultThreadFactory.java:138)
	at java.lang.Thread.run(Thread.java:745)
2018-02-13 14:05:25.932 [main] ERROR o.springframework.test.context.TestContextManager - Caught exception while allowing TestExecutionListener [org.springframework.boot.test.autoconfigure.SpringBootDependencyInjectionTestExecutionListener@19b89d4] to prepare test instance [com.xmair.grpcclient.GrpcClientApplicationTests@6ef1c3f7]
java.lang.IllegalStateException: Failed to load ApplicationContext
	at org.springframework.test.context.cache.DefaultCacheAwareContextLoaderDelegate.loadContext(DefaultCacheAwareContextLoaderDelegate.java:124)
	at org.springframework.test.context.support.DefaultTestContext.getApplicationContext(DefaultTestContext.java:83)
	at org.springframework.test.context.support.DependencyInjectionTestExecutionListener.injectDependencies(DependencyInjectionTestExecutionListener.java:117)
	at org.springframework.test.context.support.DependencyInjectionTestExecutionListener.prepareTestInstance(DependencyInjectionTestExecutionListener.java:83)
	at org.springframework.boot.test.autoconfigure.SpringBootDependencyInjectionTestExecutionListener.prepareTestInstance(SpringBootDependencyInjectionTestExecutionListener.java:44)
	at org.springframework.test.context.TestContextManager.prepareTestInstance(TestContextManager.java:230)
	at org.springframework.test.context.junit4.SpringJUnit4ClassRunner.createTest(SpringJUnit4ClassRunner.java:228)
	at org.springframework.test.context.junit4.SpringJUnit4ClassRunner$1.runReflectiveCall(SpringJUnit4ClassRunner.java:287)
	at org.junit.internal.runners.model.ReflectiveCallable.run(ReflectiveCallable.java:12)
	at org.springframework.test.context.junit4.SpringJUnit4ClassRunner.methodBlock(SpringJUnit4ClassRunner.java:289)
	at org.springframework.test.context.junit4.SpringJUnit4ClassRunner.runChild(SpringJUnit4ClassRunner.java:247)
	at org.springframework.test.context.junit4.SpringJUnit4ClassRunner.runChild(SpringJUnit4ClassRunner.java:94)
	at org.junit.runners.ParentRunner$3.run(ParentRunner.java:290)
	at org.junit.runners.ParentRunner$1.schedule(ParentRunner.java:71)
	at org.junit.runners.ParentRunner.runChildren(ParentRunner.java:288)
	at org.junit.runners.ParentRunner.access$000(ParentRunner.java:58)
	at org.junit.runners.ParentRunner$2.evaluate(ParentRunner.java:268)
	at org.springframework.test.context.junit4.statements.RunBeforeTestClassCallbacks.evaluate(RunBeforeTestClassCallbacks.java:61)
	at org.springframework.test.context.junit4.statements.RunAfterTestClassCallbacks.evaluate(RunAfterTestClassCallbacks.java:70)
	at org.junit.runners.ParentRunner.run(ParentRunner.java:363)
	at org.springframework.test.context.junit4.SpringJUnit4ClassRunner.run(SpringJUnit4ClassRunner.java:191)
	at org.junit.runner.JUnitCore.run(JUnitCore.java:137)
	at com.intellij.junit4.JUnit4IdeaTestRunner.startRunnerWithArgs(JUnit4IdeaTestRunner.java:68)
	at com.intellij.rt.execution.junit.IdeaTestRunner$Repeater.startRunnerWithArgs(IdeaTestRunner.java:47)
	at com.intellij.rt.execution.junit.JUnitStarter.prepareStreamsAndStart(JUnitStarter.java:242)
	at com.intellij.rt.execution.junit.JUnitStarter.main(JUnitStarter.java:70)
Caused by: org.springframework.context.ApplicationContextException: Failed to start bean 'grpcServerLifecycle'; nested exception is java.lang.IllegalStateException: java.io.IOException: Failed to bind
	at org.springframework.context.support.DefaultLifecycleProcessor.doStart(DefaultLifecycleProcessor.java:178)
	at org.springframework.context.support.DefaultLifecycleProcessor.access$200(DefaultLifecycleProcessor.java:50)
	at org.springframework.context.support.DefaultLifecycleProcessor$LifecycleGroup.start(DefaultLifecycleProcessor.java:348)
	at org.springframework.context.support.DefaultLifecycleProcessor.startBeans(DefaultLifecycleProcessor.java:151)
	at org.springframework.context.support.DefaultLifecycleProcessor.onRefresh(DefaultLifecycleProcessor.java:114)
	at org.springframework.context.support.AbstractApplicationContext.finishRefresh(AbstractApplicationContext.java:880)
	at org.springframework.context.support.AbstractApplicationContext.refresh(AbstractApplicationContext.java:546)
	at org.springframework.boot.SpringApplication.refresh(SpringApplication.java:693)
	at org.springframework.boot.SpringApplication.refreshContext(SpringApplication.java:360)
	at org.springframework.boot.SpringApplication.run(SpringApplication.java:303)
	at org.springframework.boot.test.context.SpringBootContextLoader.loadContext(SpringBootContextLoader.java:120)
	at org.springframework.test.context.cache.DefaultCacheAwareContextLoaderDelegate.loadContextInternal(DefaultCacheAwareContextLoaderDelegate.java:98)
	at org.springframework.test.context.cache.DefaultCacheAwareContextLoaderDelegate.loadContext(DefaultCacheAwareContextLoaderDelegate.java:116)
	... 25 common frames omitted
Caused by: java.lang.IllegalStateException: java.io.IOException: Failed to bind
	at net.devh.springboot.autoconfigure.grpc.server.GrpcServerLifecycle.start(GrpcServerLifecycle.java:33)
	at org.springframework.context.support.DefaultLifecycleProcessor.doStart(DefaultLifecycleProcessor.java:175)
	... 37 common frames omitted
Caused by: java.io.IOException: Failed to bind
	at io.grpc.netty.NettyServer.start(NettyServer.java:206)
	at io.grpc.internal.ServerImpl.start(ServerImpl.java:151)
	at io.grpc.internal.ServerImpl.start(ServerImpl.java:75)
	at net.devh.springboot.autoconfigure.grpc.server.GrpcServerLifecycle.createAndStartGrpcServer(GrpcServerLifecycle.java:67)
	at net.devh.springboot.autoconfigure.grpc.server.GrpcServerLifecycle.start(GrpcServerLifecycle.java:31)
	... 38 common frames omitted
Caused by: java.net.BindException: Address already in use: bind
	at sun.nio.ch.Net.bind0(Native Method)
	at sun.nio.ch.Net.bind(Net.java:433)
	at sun.nio.ch.Net.bind(Net.java:425)
	at sun.nio.ch.ServerSocketChannelImpl.bind(ServerSocketChannelImpl.java:223)
	at io.netty.channel.socket.nio.NioServerSocketChannel.doBind(NioServerSocketChannel.java:128)
	at io.netty.channel.AbstractChannel$AbstractUnsafe.bind(AbstractChannel.java:558)
	at io.netty.channel.DefaultChannelPipeline$HeadContext.bind(DefaultChannelPipeline.java:1283)
	at io.netty.channel.AbstractChannelHandlerContext.invokeBind(AbstractChannelHandlerContext.java:501)
	at io.netty.channel.AbstractChannelHandlerContext.bind(AbstractChannelHandlerContext.java:486)
	at io.netty.channel.DefaultChannelPipeline.bind(DefaultChannelPipeline.java:989)
	at io.netty.channel.AbstractChannel.bind(AbstractChannel.java:254)
	at io.netty.bootstrap.AbstractBootstrap$2.run(AbstractBootstrap.java:364)
	at io.netty.util.concurrent.AbstractEventExecutor.safeExecute(AbstractEventExecutor.java:163)
	at io.netty.util.concurrent.SingleThreadEventExecutor.runAllTasks(SingleThreadEventExecutor.java:403)
	at io.netty.channel.nio.NioEventLoop.run(NioEventLoop.java:463)
	at io.netty.util.concurrent.SingleThreadEventExecutor$5.run(SingleThreadEventExecutor.java:858)
	at io.netty.util.concurrent.DefaultThreadFactory$DefaultRunnableDecorator.run(DefaultThreadFactory.java:138)
	at java.lang.Thread.run(Thread.java:745)
2018-02-13 14:05:46.337 [main] INFO  o.s.b.t.context.SpringBootTestContextBootstrapper - Neither @ContextConfiguration nor @ContextHierarchy found for test class [com.xmair.grpcclient.GrpcClientApplicationTests], using SpringBootContextLoader
2018-02-13 14:05:46.353 [main] INFO  o.s.test.context.support.AbstractContextLoader - Could not detect default resource locations for test class [com.xmair.grpcclient.GrpcClientApplicationTests]: no resource found for suffixes {-context.xml, Context.groovy}.
2018-02-13 14:05:46.353 [main] INFO  o.s.t.c.support.AnnotationConfigContextLoaderUtils - Could not detect default configuration classes for test class [com.xmair.grpcclient.GrpcClientApplicationTests]: GrpcClientApplicationTests does not declare any static, non-private, non-final, nested classes annotated with @Configuration.
2018-02-13 14:05:46.665 [main] INFO  o.s.b.t.context.SpringBootTestContextBootstrapper - Found @SpringBootConfiguration com.xmair.grpcclient.GrpcClientApplication for test class com.xmair.grpcclient.GrpcClientApplicationTests
2018-02-13 14:05:46.681 [main] INFO  o.s.b.t.context.SpringBootTestContextBootstrapper - Loaded default TestExecutionListener class names from location [META-INF/spring.factories]: [org.springframework.boot.test.mock.mockito.MockitoTestExecutionListener, org.springframework.boot.test.mock.mockito.ResetMocksTestExecutionListener, org.springframework.boot.test.autoconfigure.restdocs.RestDocsTestExecutionListener, org.springframework.boot.test.autoconfigure.web.client.MockRestServiceServerResetTestExecutionListener, org.springframework.boot.test.autoconfigure.web.servlet.MockMvcPrintOnlyOnFailureTestExecutionListener, org.springframework.boot.test.autoconfigure.web.servlet.WebDriverTestExecutionListener, org.springframework.test.context.web.ServletTestExecutionListener, org.springframework.test.context.support.DirtiesContextBeforeModesTestExecutionListener, org.springframework.test.context.support.DependencyInjectionTestExecutionListener, org.springframework.test.context.support.DirtiesContextTestExecutionListener, org.springframework.test.context.transaction.TransactionalTestExecutionListener, org.springframework.test.context.jdbc.SqlScriptsTestExecutionListener]
2018-02-13 14:05:46.759 [main] INFO  o.s.b.t.context.SpringBootTestContextBootstrapper - Using TestExecutionListeners: [org.springframework.test.context.web.ServletTestExecutionListener@3c419631, org.springframework.test.context.support.DirtiesContextBeforeModesTestExecutionListener@418e7838, org.springframework.boot.test.autoconfigure.SpringBootDependencyInjectionTestExecutionListener@61230f6a, org.springframework.test.context.support.DirtiesContextTestExecutionListener@3c130745, org.springframework.test.context.transaction.TransactionalTestExecutionListener@cd3fee8, org.springframework.test.context.jdbc.SqlScriptsTestExecutionListener@3e2e18f2, org.springframework.boot.test.mock.mockito.MockitoTestExecutionListener@470f1802, org.springframework.boot.test.autoconfigure.web.servlet.MockMvcPrintOnlyOnFailureTestExecutionListener@63021689, org.springframework.boot.test.autoconfigure.web.client.MockRestServiceServerResetTestExecutionListener@703580bf, org.springframework.boot.test.mock.mockito.ResetMocksTestExecutionListener@3e92efc3, org.springframework.boot.test.autoconfigure.restdocs.RestDocsTestExecutionListener@1622f1b, org.springframework.boot.test.autoconfigure.web.servlet.WebDriverTestExecutionListener@72a7c7e0]
2018-02-13 14:05:48.684 [main] INFO  com.xmair.grpcclient.GrpcClientApplicationTests - Starting GrpcClientApplicationTests on XXB-06645 with PID 6400 (started by wuzuquan in C:\IdeaProjects\microservice\grpc-client)
2018-02-13 14:05:48.684 [main] INFO  com.xmair.grpcclient.GrpcClientApplicationTests - The following profiles are active: dev
2018-02-13 14:05:48.746 [main] INFO  o.s.c.a.AnnotationConfigApplicationContext - Refreshing org.springframework.context.annotation.AnnotationConfigApplicationContext@1a75e76a: startup date [Tue Feb 13 14:05:48 CST 2018]; root of context hierarchy
2018-02-13 14:05:49.996 [background-preinit] INFO  org.hibernate.validator.internal.util.Version - HV000001: Hibernate Validator 5.3.6.Final
2018-02-13 14:05:50.840 [main] INFO  o.s.d.r.config.RepositoryConfigurationDelegate - Multiple Spring Data modules found, entering strict repository configuration mode!
2018-02-13 14:05:51.902 [main] INFO  o.s.c.s.PostProcessorRegistrationDelegate$BeanPostProcessorChecker - Bean 'org.springframework.amqp.rabbit.annotation.RabbitBootstrapConfiguration' of type [org.springframework.amqp.rabbit.annotation.RabbitBootstrapConfiguration$$EnhancerBySpringCGLIB$$d482cf2f] is not eligible for getting processed by all BeanPostProcessors (for example: not eligible for auto-proxying)
2018-02-13 14:05:52.173 [main] INFO  o.s.c.s.PostProcessorRegistrationDelegate$BeanPostProcessorChecker - Bean 'net.devh.springboot.autoconfigure.grpc.client.GrpcClientAutoConfiguration' of type [net.devh.springboot.autoconfigure.grpc.client.GrpcClientAutoConfiguration$$EnhancerBySpringCGLIB$$1f986955] is not eligible for getting processed by all BeanPostProcessors (for example: not eligible for auto-proxying)
2018-02-13 14:05:52.501 [main] INFO  o.s.c.s.PostProcessorRegistrationDelegate$BeanPostProcessorChecker - Bean 'grpcChannelsProperties' of type [net.devh.springboot.autoconfigure.grpc.client.GrpcChannelsProperties] is not eligible for getting processed by all BeanPostProcessors (for example: not eligible for auto-proxying)
2018-02-13 14:05:52.517 [main] INFO  o.s.c.s.PostProcessorRegistrationDelegate$BeanPostProcessorChecker - Bean 'grpcLoadBalancerFactory' of type [io.grpc.util.RoundRobinLoadBalancerFactory] is not eligible for getting processed by all BeanPostProcessors (for example: not eligible for auto-proxying)
2018-02-13 14:05:52.533 [main] INFO  o.s.c.s.PostProcessorRegistrationDelegate$BeanPostProcessorChecker - Bean 'globalClientInterceptorRegistry' of type [net.devh.springboot.autoconfigure.grpc.client.GlobalClientInterceptorRegistry] is not eligible for getting processed by all BeanPostProcessors (for example: not eligible for auto-proxying)
2018-02-13 14:05:52.548 [main] INFO  o.s.c.s.PostProcessorRegistrationDelegate$BeanPostProcessorChecker - Bean 'addressChannelFactory' of type [net.devh.springboot.autoconfigure.grpc.client.AddressChannelFactory] is not eligible for getting processed by all BeanPostProcessors (for example: not eligible for auto-proxying)
2018-02-13 14:05:54.974 [main] INFO  o.s.context.support.DefaultLifecycleProcessor - Starting beans in phase 2147483647
2018-02-13 14:05:55.521 [main] INFO  n.d.s.a.grpc.server.GrpcServerLifecycle - gRPC Server started, listening on address: 0.0.0.0, port: 9090
2018-02-13 14:05:55.552 [main] INFO  com.xmair.grpcclient.GrpcClientApplicationTests - Started GrpcClientApplicationTests in 8.027 seconds (JVM running for 10.802)
2018-02-13 14:05:55.912 [grpc-default-executor-0] INFO  n.d.s.a.grpc.client.AddressChannelNameResolver - Found gRPC server grpc-server 127.0.0.1:7000
2018-02-13 14:06:05.563 [Thread-3] INFO  o.s.c.a.AnnotationConfigApplicationContext - Closing org.springframework.context.annotation.AnnotationConfigApplicationContext@1a75e76a: startup date [Tue Feb 13 14:05:48 CST 2018]; root of context hierarchy
2018-02-13 14:06:05.563 [Thread-3] INFO  o.s.context.support.DefaultLifecycleProcessor - Stopping beans in phase 2147483647
2018-02-13 14:06:05.563 [Thread-3] INFO  n.d.s.a.grpc.server.GrpcServerLifecycle - gRPC server stopped
2018-02-13 14:06:58.622 [main] INFO  o.s.b.t.context.SpringBootTestContextBootstrapper - Neither @ContextConfiguration nor @ContextHierarchy found for test class [com.xmair.grpcclient.GrpcClientApplicationTests], using SpringBootContextLoader
2018-02-13 14:06:58.638 [main] INFO  o.s.test.context.support.AbstractContextLoader - Could not detect default resource locations for test class [com.xmair.grpcclient.GrpcClientApplicationTests]: no resource found for suffixes {-context.xml, Context.groovy}.
2018-02-13 14:06:58.653 [main] INFO  o.s.t.c.support.AnnotationConfigContextLoaderUtils - Could not detect default configuration classes for test class [com.xmair.grpcclient.GrpcClientApplicationTests]: GrpcClientApplicationTests does not declare any static, non-private, non-final, nested classes annotated with @Configuration.
2018-02-13 14:06:59.622 [main] INFO  o.s.b.t.context.SpringBootTestContextBootstrapper - Found @SpringBootConfiguration com.xmair.grpcclient.GrpcClientApplication for test class com.xmair.grpcclient.GrpcClientApplicationTests
2018-02-13 14:06:59.685 [main] INFO  o.s.b.t.context.SpringBootTestContextBootstrapper - Loaded default TestExecutionListener class names from location [META-INF/spring.factories]: [org.springframework.boot.test.mock.mockito.MockitoTestExecutionListener, org.springframework.boot.test.mock.mockito.ResetMocksTestExecutionListener, org.springframework.boot.test.autoconfigure.restdocs.RestDocsTestExecutionListener, org.springframework.boot.test.autoconfigure.web.client.MockRestServiceServerResetTestExecutionListener, org.springframework.boot.test.autoconfigure.web.servlet.MockMvcPrintOnlyOnFailureTestExecutionListener, org.springframework.boot.test.autoconfigure.web.servlet.WebDriverTestExecutionListener, org.springframework.test.context.web.ServletTestExecutionListener, org.springframework.test.context.support.DirtiesContextBeforeModesTestExecutionListener, org.springframework.test.context.support.DependencyInjectionTestExecutionListener, org.springframework.test.context.support.DirtiesContextTestExecutionListener, org.springframework.test.context.transaction.TransactionalTestExecutionListener, org.springframework.test.context.jdbc.SqlScriptsTestExecutionListener]
2018-02-13 14:06:59.856 [main] INFO  o.s.b.t.context.SpringBootTestContextBootstrapper - Using TestExecutionListeners: [org.springframework.test.context.web.ServletTestExecutionListener@34b9f960, org.springframework.test.context.support.DirtiesContextBeforeModesTestExecutionListener@43015c69, org.springframework.boot.test.autoconfigure.SpringBootDependencyInjectionTestExecutionListener@19b89d4, org.springframework.test.context.support.DirtiesContextTestExecutionListener@4bbf6d0e, org.springframework.test.context.transaction.TransactionalTestExecutionListener@30b6ffe0, org.springframework.test.context.jdbc.SqlScriptsTestExecutionListener@791d1f8b, org.springframework.boot.test.mock.mockito.ResetMocksTestExecutionListener@2415fc55, org.springframework.boot.test.autoconfigure.restdocs.RestDocsTestExecutionListener@14f232c4, org.springframework.boot.test.autoconfigure.web.servlet.WebDriverTestExecutionListener@13bc8645, org.springframework.boot.test.autoconfigure.web.servlet.MockMvcPrintOnlyOnFailureTestExecutionListener@24c22fe, org.springframework.boot.test.autoconfigure.web.client.MockRestServiceServerResetTestExecutionListener@93081b6, org.springframework.boot.test.mock.mockito.MockitoTestExecutionListener@cd1e646]
2018-02-13 14:07:01.606 [main] INFO  com.xmair.grpcclient.GrpcClientApplicationTests - Starting GrpcClientApplicationTests on XXB-06645 with PID 7032 (started by wuzuquan in C:\IdeaProjects\microservice\grpc-client)
2018-02-13 14:07:01.606 [main] INFO  com.xmair.grpcclient.GrpcClientApplicationTests - The following profiles are active: dev
2018-02-13 14:07:01.669 [main] INFO  o.s.c.a.AnnotationConfigApplicationContext - Refreshing org.springframework.context.annotation.AnnotationConfigApplicationContext@285c08c8: startup date [Tue Feb 13 14:07:01 CST 2018]; root of context hierarchy
2018-02-13 14:07:02.919 [background-preinit] INFO  org.hibernate.validator.internal.util.Version - HV000001: Hibernate Validator 5.3.6.Final
2018-02-13 14:07:04.341 [main] INFO  o.s.d.r.config.RepositoryConfigurationDelegate - Multiple Spring Data modules found, entering strict repository configuration mode!
2018-02-13 14:07:07.341 [main] INFO  o.s.c.s.PostProcessorRegistrationDelegate$BeanPostProcessorChecker - Bean 'org.springframework.amqp.rabbit.annotation.RabbitBootstrapConfiguration' of type [org.springframework.amqp.rabbit.annotation.RabbitBootstrapConfiguration$$EnhancerBySpringCGLIB$$5f3cf134] is not eligible for getting processed by all BeanPostProcessors (for example: not eligible for auto-proxying)
2018-02-13 14:07:07.544 [main] INFO  o.s.c.s.PostProcessorRegistrationDelegate$BeanPostProcessorChecker - Bean 'net.devh.springboot.autoconfigure.grpc.client.GrpcClientAutoConfiguration' of type [net.devh.springboot.autoconfigure.grpc.client.GrpcClientAutoConfiguration$$EnhancerBySpringCGLIB$$aa528b5a] is not eligible for getting processed by all BeanPostProcessors (for example: not eligible for auto-proxying)
2018-02-13 14:07:07.992 [main] INFO  o.s.c.s.PostProcessorRegistrationDelegate$BeanPostProcessorChecker - Bean 'grpcChannelsProperties' of type [net.devh.springboot.autoconfigure.grpc.client.GrpcChannelsProperties] is not eligible for getting processed by all BeanPostProcessors (for example: not eligible for auto-proxying)
2018-02-13 14:07:08.007 [main] INFO  o.s.c.s.PostProcessorRegistrationDelegate$BeanPostProcessorChecker - Bean 'grpcLoadBalancerFactory' of type [io.grpc.util.RoundRobinLoadBalancerFactory] is not eligible for getting processed by all BeanPostProcessors (for example: not eligible for auto-proxying)
2018-02-13 14:07:08.023 [main] INFO  o.s.c.s.PostProcessorRegistrationDelegate$BeanPostProcessorChecker - Bean 'globalClientInterceptorRegistry' of type [net.devh.springboot.autoconfigure.grpc.client.GlobalClientInterceptorRegistry] is not eligible for getting processed by all BeanPostProcessors (for example: not eligible for auto-proxying)
2018-02-13 14:07:08.054 [main] INFO  o.s.c.s.PostProcessorRegistrationDelegate$BeanPostProcessorChecker - Bean 'addressChannelFactory' of type [net.devh.springboot.autoconfigure.grpc.client.AddressChannelFactory] is not eligible for getting processed by all BeanPostProcessors (for example: not eligible for auto-proxying)
2018-02-13 14:07:12.661 [main] INFO  o.s.context.support.DefaultLifecycleProcessor - Starting beans in phase 2147483647
2018-02-13 14:07:13.348 [main] INFO  n.d.s.a.grpc.server.GrpcServerLifecycle - gRPC Server started, listening on address: 0.0.0.0, port: 9090
2018-02-13 14:07:13.426 [main] INFO  com.xmair.grpcclient.GrpcClientApplicationTests - Started GrpcClientApplicationTests in 12.773 seconds (JVM running for 16.933)
2018-02-13 14:07:13.614 [Thread-3] INFO  o.s.c.a.AnnotationConfigApplicationContext - Closing org.springframework.context.annotation.AnnotationConfigApplicationContext@285c08c8: startup date [Tue Feb 13 14:07:01 CST 2018]; root of context hierarchy
2018-02-13 14:07:13.629 [Thread-3] INFO  o.s.context.support.DefaultLifecycleProcessor - Stopping beans in phase 2147483647
2018-02-13 14:07:13.629 [Thread-3] INFO  n.d.s.a.grpc.server.GrpcServerLifecycle - gRPC server stopped
2018-02-13 14:09:16.660 [main] INFO  o.s.b.t.context.SpringBootTestContextBootstrapper - Neither @ContextConfiguration nor @ContextHierarchy found for test class [com.xmair.grpcclient.GrpcClientApplicationTests], using SpringBootContextLoader
2018-02-13 14:09:16.691 [main] INFO  o.s.test.context.support.AbstractContextLoader - Could not detect default resource locations for test class [com.xmair.grpcclient.GrpcClientApplicationTests]: no resource found for suffixes {-context.xml, Context.groovy}.
2018-02-13 14:09:16.691 [main] INFO  o.s.t.c.support.AnnotationConfigContextLoaderUtils - Could not detect default configuration classes for test class [com.xmair.grpcclient.GrpcClientApplicationTests]: GrpcClientApplicationTests does not declare any static, non-private, non-final, nested classes annotated with @Configuration.
2018-02-13 14:09:17.363 [main] INFO  o.s.b.t.context.SpringBootTestContextBootstrapper - Found @SpringBootConfiguration com.xmair.grpcclient.GrpcClientApplication for test class com.xmair.grpcclient.GrpcClientApplicationTests
2018-02-13 14:09:17.456 [main] INFO  o.s.b.t.context.SpringBootTestContextBootstrapper - Loaded default TestExecutionListener class names from location [META-INF/spring.factories]: [org.springframework.boot.test.mock.mockito.MockitoTestExecutionListener, org.springframework.boot.test.mock.mockito.ResetMocksTestExecutionListener, org.springframework.boot.test.autoconfigure.restdocs.RestDocsTestExecutionListener, org.springframework.boot.test.autoconfigure.web.client.MockRestServiceServerResetTestExecutionListener, org.springframework.boot.test.autoconfigure.web.servlet.MockMvcPrintOnlyOnFailureTestExecutionListener, org.springframework.boot.test.autoconfigure.web.servlet.WebDriverTestExecutionListener, org.springframework.test.context.web.ServletTestExecutionListener, org.springframework.test.context.support.DirtiesContextBeforeModesTestExecutionListener, org.springframework.test.context.support.DependencyInjectionTestExecutionListener, org.springframework.test.context.support.DirtiesContextTestExecutionListener, org.springframework.test.context.transaction.TransactionalTestExecutionListener, org.springframework.test.context.jdbc.SqlScriptsTestExecutionListener]
2018-02-13 14:09:17.644 [main] INFO  o.s.b.t.context.SpringBootTestContextBootstrapper - Using TestExecutionListeners: [org.springframework.test.context.web.ServletTestExecutionListener@6f3187b0, org.springframework.test.context.support.DirtiesContextBeforeModesTestExecutionListener@2663e964, org.springframework.boot.test.autoconfigure.SpringBootDependencyInjectionTestExecutionListener@48b67364, org.springframework.test.context.support.DirtiesContextTestExecutionListener@189cbd7c, org.springframework.test.context.transaction.TransactionalTestExecutionListener@7bf3a5d8, org.springframework.test.context.jdbc.SqlScriptsTestExecutionListener@42e25b0b, org.springframework.boot.test.autoconfigure.web.servlet.MockMvcPrintOnlyOnFailureTestExecutionListener@39b43d60, org.springframework.boot.test.autoconfigure.web.client.MockRestServiceServerResetTestExecutionListener@44be0077, org.springframework.boot.test.mock.mockito.MockitoTestExecutionListener@2205a05d, org.springframework.boot.test.autoconfigure.web.servlet.WebDriverTestExecutionListener@72ef8d15, org.springframework.boot.test.autoconfigure.restdocs.RestDocsTestExecutionListener@6aa8e115, org.springframework.boot.test.mock.mockito.ResetMocksTestExecutionListener@5e21e98f]
2018-02-13 14:09:19.259 [main] INFO  com.xmair.grpcclient.GrpcClientApplicationTests - Starting GrpcClientApplicationTests on XXB-06645 with PID 2608 (started by wuzuquan in C:\IdeaProjects\microservice\grpc-client)
2018-02-13 14:09:19.259 [main] INFO  com.xmair.grpcclient.GrpcClientApplicationTests - The following profiles are active: dev
2018-02-13 14:09:19.337 [main] INFO  o.s.c.a.AnnotationConfigApplicationContext - Refreshing org.springframework.context.annotation.AnnotationConfigApplicationContext@654d8173: startup date [Tue Feb 13 14:09:19 CST 2018]; root of context hierarchy
2018-02-13 14:09:20.115 [background-preinit] INFO  org.hibernate.validator.internal.util.Version - HV000001: Hibernate Validator 5.3.6.Final
2018-02-13 14:09:21.281 [main] INFO  o.s.d.r.config.RepositoryConfigurationDelegate - Multiple Spring Data modules found, entering strict repository configuration mode!
2018-02-13 14:09:22.203 [main] INFO  o.s.c.s.PostProcessorRegistrationDelegate$BeanPostProcessorChecker - Bean 'org.springframework.amqp.rabbit.annotation.RabbitBootstrapConfiguration' of type [org.springframework.amqp.rabbit.annotation.RabbitBootstrapConfiguration$$EnhancerBySpringCGLIB$$ed17f52a] is not eligible for getting processed by all BeanPostProcessors (for example: not eligible for auto-proxying)
2018-02-13 14:09:22.359 [main] INFO  o.s.c.s.PostProcessorRegistrationDelegate$BeanPostProcessorChecker - Bean 'net.devh.springboot.autoconfigure.grpc.client.GrpcClientAutoConfiguration' of type [net.devh.springboot.autoconfigure.grpc.client.GrpcClientAutoConfiguration$$EnhancerBySpringCGLIB$$382d8f50] is not eligible for getting processed by all BeanPostProcessors (for example: not eligible for auto-proxying)
2018-02-13 14:09:22.687 [main] INFO  o.s.c.s.PostProcessorRegistrationDelegate$BeanPostProcessorChecker - Bean 'grpcChannelsProperties' of type [net.devh.springboot.autoconfigure.grpc.client.GrpcChannelsProperties] is not eligible for getting processed by all BeanPostProcessors (for example: not eligible for auto-proxying)
2018-02-13 14:09:22.703 [main] INFO  o.s.c.s.PostProcessorRegistrationDelegate$BeanPostProcessorChecker - Bean 'grpcLoadBalancerFactory' of type [io.grpc.util.RoundRobinLoadBalancerFactory] is not eligible for getting processed by all BeanPostProcessors (for example: not eligible for auto-proxying)
2018-02-13 14:09:22.718 [main] INFO  o.s.c.s.PostProcessorRegistrationDelegate$BeanPostProcessorChecker - Bean 'globalClientInterceptorRegistry' of type [net.devh.springboot.autoconfigure.grpc.client.GlobalClientInterceptorRegistry] is not eligible for getting processed by all BeanPostProcessors (for example: not eligible for auto-proxying)
2018-02-13 14:09:22.734 [main] INFO  o.s.c.s.PostProcessorRegistrationDelegate$BeanPostProcessorChecker - Bean 'addressChannelFactory' of type [net.devh.springboot.autoconfigure.grpc.client.AddressChannelFactory] is not eligible for getting processed by all BeanPostProcessors (for example: not eligible for auto-proxying)
2018-02-13 14:09:25.700 [main] INFO  o.s.context.support.DefaultLifecycleProcessor - Starting beans in phase 2147483647
2018-02-13 14:09:26.365 [main] INFO  n.d.s.a.grpc.server.GrpcServerLifecycle - gRPC Server started, listening on address: 0.0.0.0, port: 9090
2018-02-13 14:09:26.397 [main] INFO  com.xmair.grpcclient.GrpcClientApplicationTests - Started GrpcClientApplicationTests in 8.237 seconds (JVM running for 11.608)
2018-02-13 14:09:26.881 [grpc-default-executor-0] INFO  n.d.s.a.grpc.client.AddressChannelNameResolver - Found gRPC server grpc-server 127.0.0.1:7000
2018-02-13 14:09:35.300 [Thread-3] INFO  o.s.c.a.AnnotationConfigApplicationContext - Closing org.springframework.context.annotation.AnnotationConfigApplicationContext@654d8173: startup date [Tue Feb 13 14:09:19 CST 2018]; root of context hierarchy
2018-02-13 14:09:35.316 [Thread-3] INFO  o.s.context.support.DefaultLifecycleProcessor - Stopping beans in phase 2147483647
2018-02-13 14:09:35.316 [Thread-3] INFO  n.d.s.a.grpc.server.GrpcServerLifecycle - gRPC server stopped
