 2018-04-17 15:35:55 [main] INFO  o.s.b.t.context.SpringBootTestContextBootstrapper - Neither @ContextConfiguration nor @ContextHierarchy found for test class [com.xmair.restapi.RestapiApplicationTests], using SpringBootContextLoader
 2018-04-17 15:35:55 [main] INFO  o.s.test.context.support.AbstractContextLoader - Could not detect default resource locations for test class [com.xmair.restapi.RestapiApplicationTests]: no resource found for suffixes {-context.xml, Context.groovy}.
 2018-04-17 15:35:55 [main] INFO  o.s.t.c.support.AnnotationConfigContextLoaderUtils - Could not detect default configuration classes for test class [com.xmair.restapi.RestapiApplicationTests]: RestapiApplicationTests does not declare any static, non-private, non-final, nested classes annotated with @Configuration.
 2018-04-17 15:35:55 [main] INFO  o.s.b.t.context.SpringBootTestContextBootstrapper - Found @SpringBootConfiguration com.xmair.restapi.RestapiApplication for test class com.xmair.restapi.RestapiApplicationTests
 2018-04-17 15:35:55 [main] INFO  o.s.b.t.context.SpringBootTestContextBootstrapper - Loaded default TestExecutionListener class names from location [META-INF/spring.factories]: [org.springframework.boot.test.mock.mockito.MockitoTestExecutionListener, org.springframework.boot.test.mock.mockito.ResetMocksTestExecutionListener, org.springframework.boot.test.autoconfigure.restdocs.RestDocsTestExecutionListener, org.springframework.boot.test.autoconfigure.web.client.MockRestServiceServerResetTestExecutionListener, org.springframework.boot.test.autoconfigure.web.servlet.MockMvcPrintOnlyOnFailureTestExecutionListener, org.springframework.boot.test.autoconfigure.web.servlet.WebDriverTestExecutionListener, org.springframework.test.context.web.ServletTestExecutionListener, org.springframework.test.context.support.DirtiesContextBeforeModesTestExecutionListener, org.springframework.test.context.support.DependencyInjectionTestExecutionListener, org.springframework.test.context.support.DirtiesContextTestExecutionListener, org.springframework.test.context.transaction.TransactionalTestExecutionListener, org.springframework.test.context.jdbc.SqlScriptsTestExecutionListener]
 2018-04-17 15:35:56 [main] INFO  o.s.b.t.context.SpringBootTestContextBootstrapper - Using TestExecutionListeners: [org.springframework.test.context.web.ServletTestExecutionListener@293a5bf6, org.springframework.test.context.support.DirtiesContextBeforeModesTestExecutionListener@6aeb35e6, org.springframework.boot.test.autoconfigure.SpringBootDependencyInjectionTestExecutionListener@1283bb96, org.springframework.test.context.support.DirtiesContextTestExecutionListener@74f0ea28, org.springframework.test.context.transaction.TransactionalTestExecutionListener@f6efaab, org.springframework.test.context.jdbc.SqlScriptsTestExecutionListener@3c19aaa5, org.springframework.boot.test.mock.mockito.MockitoTestExecutionListener@3349e9bb, org.springframework.boot.test.mock.mockito.ResetMocksTestExecutionListener@409bf450, org.springframework.boot.test.autoconfigure.restdocs.RestDocsTestExecutionListener@38d8f54a, org.springframework.boot.test.autoconfigure.web.client.MockRestServiceServerResetTestExecutionListener@49e53c76, org.springframework.boot.test.autoconfigure.web.servlet.MockMvcPrintOnlyOnFailureTestExecutionListener@351d00c0, org.springframework.boot.test.autoconfigure.web.servlet.WebDriverTestExecutionListener@2a3b5b47]
 2018-04-17 15:35:56 [main] INFO  o.s.b.t.context.SpringBootTestContextBootstrapper - Neither @ContextConfiguration nor @ContextHierarchy found for test class [com.xmair.restapi.RestapiApplicationTests], using SpringBootContextLoader
 2018-04-17 15:35:56 [main] INFO  o.s.test.context.support.AbstractContextLoader - Could not detect default resource locations for test class [com.xmair.restapi.RestapiApplicationTests]: no resource found for suffixes {-context.xml, Context.groovy}.
 2018-04-17 15:35:56 [main] INFO  o.s.t.c.support.AnnotationConfigContextLoaderUtils - Could not detect default configuration classes for test class [com.xmair.restapi.RestapiApplicationTests]: RestapiApplicationTests does not declare any static, non-private, non-final, nested classes annotated with @Configuration.
 2018-04-17 15:35:56 [main] INFO  o.s.b.t.context.SpringBootTestContextBootstrapper - Found @SpringBootConfiguration com.xmair.restapi.RestapiApplication for test class com.xmair.restapi.RestapiApplicationTests
 2018-04-17 15:35:56 [main] INFO  o.s.b.t.context.SpringBootTestContextBootstrapper - Loaded default TestExecutionListener class names from location [META-INF/spring.factories]: [org.springframework.boot.test.mock.mockito.MockitoTestExecutionListener, org.springframework.boot.test.mock.mockito.ResetMocksTestExecutionListener, org.springframework.boot.test.autoconfigure.restdocs.RestDocsTestExecutionListener, org.springframework.boot.test.autoconfigure.web.client.MockRestServiceServerResetTestExecutionListener, org.springframework.boot.test.autoconfigure.web.servlet.MockMvcPrintOnlyOnFailureTestExecutionListener, org.springframework.boot.test.autoconfigure.web.servlet.WebDriverTestExecutionListener, org.springframework.test.context.web.ServletTestExecutionListener, org.springframework.test.context.support.DirtiesContextBeforeModesTestExecutionListener, org.springframework.test.context.support.DependencyInjectionTestExecutionListener, org.springframework.test.context.support.DirtiesContextTestExecutionListener, org.springframework.test.context.transaction.TransactionalTestExecutionListener, org.springframework.test.context.jdbc.SqlScriptsTestExecutionListener]
 2018-04-17 15:35:56 [main] INFO  o.s.b.t.context.SpringBootTestContextBootstrapper - Using TestExecutionListeners: [org.springframework.test.context.web.ServletTestExecutionListener@1ce24091, org.springframework.test.context.support.DirtiesContextBeforeModesTestExecutionListener@5dda768f, org.springframework.boot.test.autoconfigure.SpringBootDependencyInjectionTestExecutionListener@7a8c8dcf, org.springframework.test.context.support.DirtiesContextTestExecutionListener@24269709, org.springframework.test.context.transaction.TransactionalTestExecutionListener@2aceadd4, org.springframework.test.context.jdbc.SqlScriptsTestExecutionListener@24aed80c, org.springframework.boot.test.mock.mockito.MockitoTestExecutionListener@3a52dba3, org.springframework.boot.test.mock.mockito.ResetMocksTestExecutionListener@2a5c8d3f, org.springframework.boot.test.autoconfigure.restdocs.RestDocsTestExecutionListener@752325ad, org.springframework.boot.test.autoconfigure.web.client.MockRestServiceServerResetTestExecutionListener@279fedbd, org.springframework.boot.test.autoconfigure.web.servlet.MockMvcPrintOnlyOnFailureTestExecutionListener@b3ca52e, org.springframework.boot.test.autoconfigure.web.servlet.WebDriverTestExecutionListener@45c7e403]
 2018-04-17 15:35:57 [main] INFO  o.s.c.a.AnnotationConfigApplicationContext - Refreshing org.springframework.context.annotation.AnnotationConfigApplicationContext@30bce90b: startup date [Tue Apr 17 15:35:57 CST 2018]; root of context hierarchy
 2018-04-17 15:35:57 [background-preinit] INFO  org.hibernate.validator.internal.util.Version - HV000001: Hibernate Validator 5.3.6.Final
 2018-04-17 15:35:57 [main] INFO  o.s.b.f.a.AutowiredAnnotationBeanPostProcessor - JSR-330 'javax.inject.Inject' annotation found and supported for autowiring
 2018-04-17 15:35:57 [main] INFO  o.s.c.s.PostProcessorRegistrationDelegate$BeanPostProcessorChecker - Bean 'configurationPropertiesRebinderAutoConfiguration' of type [org.springframework.cloud.autoconfigure.ConfigurationPropertiesRebinderAutoConfiguration$$EnhancerBySpringCGLIB$$c2a2cadc] is not eligible for getting processed by all BeanPostProcessors (for example: not eligible for auto-proxying)
 2018-04-17 15:35:58 [main] INFO  com.xmair.restapi.RestapiApplicationTests - The following profiles are active: dev
 2018-04-17 15:35:58 [main] INFO  o.s.w.context.support.GenericWebApplicationContext - Refreshing org.springframework.web.context.support.GenericWebApplicationContext@70ab80e3: startup date [Tue Apr 17 15:35:58 CST 2018]; parent: org.springframework.context.annotation.AnnotationConfigApplicationContext@30bce90b
 2018-04-17 15:36:00 [main] WARN  org.mybatis.spring.mapper.ClassPathMapperScanner - Skipping MapperFactoryBean with name 'a1001Mapper' and 'com.xmair.core.mapper.framedb.A1001Mapper' mapperInterface. Bean already defined with the same name!
 2018-04-17 15:36:00 [main] WARN  org.mybatis.spring.mapper.ClassPathMapperScanner - Skipping MapperFactoryBean with name 'empDataMapper' and 'com.xmair.core.mapper.framedb.EmpDataMapper' mapperInterface. Bean already defined with the same name!
 2018-04-17 15:36:00 [main] WARN  org.mybatis.spring.mapper.ClassPathMapperScanner - Skipping MapperFactoryBean with name 'tbEmpDataAllMapper' and 'com.xmair.core.mapper.framedb.TbEmpDataAllMapper' mapperInterface. Bean already defined with the same name!
 2018-04-17 15:36:00 [main] WARN  org.mybatis.spring.mapper.ClassPathMapperScanner - Skipping MapperFactoryBean with name 'tbEmpDataMapper' and 'com.xmair.core.mapper.framedb.TbEmpDataMapper' mapperInterface. Bean already defined with the same name!
 2018-04-17 15:36:00 [main] WARN  org.mybatis.spring.mapper.ClassPathMapperScanner - No MyBatis mapper was found in '[com.xmair.core.mapper]' package. Please check your configuration.
 2018-04-17 15:36:01 [main] INFO  o.springframework.cloud.context.scope.GenericScope - BeanFactory id=7b9f3de4-55d2-3701-9c1c-385df73144da
 2018-04-17 15:36:01 [main] INFO  o.s.b.f.a.AutowiredAnnotationBeanPostProcessor - JSR-330 'javax.inject.Inject' annotation found and supported for autowiring
 2018-04-17 15:36:01 [main] INFO  o.s.c.s.PostProcessorRegistrationDelegate$BeanPostProcessorChecker - Bean 'org.springframework.transaction.annotation.ProxyTransactionManagementConfiguration' of type [org.springframework.transaction.annotation.ProxyTransactionManagementConfiguration$$EnhancerBySpringCGLIB$$a688c7df] is not eligible for getting processed by all BeanPostProcessors (for example: not eligible for auto-proxying)
 2018-04-17 15:36:01 [main] INFO  o.s.c.s.PostProcessorRegistrationDelegate$BeanPostProcessorChecker - Bean 'org.springframework.cloud.netflix.metrics.MetricsInterceptorConfiguration$MetricsRestTemplateConfiguration' of type [org.springframework.cloud.netflix.metrics.MetricsInterceptorConfiguration$MetricsRestTemplateConfiguration$$EnhancerBySpringCGLIB$$d8b56e20] is not eligible for getting processed by all BeanPostProcessors (for example: not eligible for auto-proxying)
 2018-04-17 15:36:01 [main] INFO  o.s.c.s.PostProcessorRegistrationDelegate$BeanPostProcessorChecker - Bean 'org.springframework.cloud.autoconfigure.ConfigurationPropertiesRebinderAutoConfiguration' of type [org.springframework.cloud.autoconfigure.ConfigurationPropertiesRebinderAutoConfiguration$$EnhancerBySpringCGLIB$$c2a2cadc] is not eligible for getting processed by all BeanPostProcessors (for example: not eligible for auto-proxying)
 2018-04-17 15:36:02 [main] INFO  o.s.w.s.m.m.a.RequestMappingHandlerAdapter - Looking for @ControllerAdvice: org.springframework.web.context.support.GenericWebApplicationContext@70ab80e3: startup date [Tue Apr 17 15:35:58 CST 2018]; parent: org.springframework.context.annotation.AnnotationConfigApplicationContext@30bce90b
 2018-04-17 15:36:04 [main] INFO  org.redisson.Version - Redisson 3.6.4
 2018-04-17 15:36:05 [main] INFO  org.redisson.cluster.ClusterConnectionManager - Redis cluster nodes configuration got from /11.4.74.57:6000:
e01871a707a8ec5abd9c2edf3aa95ab05f3bf1a4 11.4.74.51:6000@16000 slave a500a30a740831de615a3badae0c15a18b0f264a 0 1523950549055 5 connected
0b49f4a1e9fc2df03bfe762ddb0b4a83f05badae 11.4.74.48:6000@16000 slave 51838b7b744ac009f0272010af833a0dbcd7ead9 0 1523950548054 6 connected
824fbe45a79b5d9073b9b6f7355761104650297c 11.4.74.44:6000@16000 master - 0 1523950548000 3 connected 10923-16383
ff1e3856da5bb8e9f5bea130a742600668947c47 11.4.74.58:6000@16000 slave 824fbe45a79b5d9073b9b6f7355761104650297c 0 1523950547000 4 connected
a500a30a740831de615a3badae0c15a18b0f264a 11.4.74.57:6000@16000 myself,master - 0 1523950548000 1 connected 0-5460
51838b7b744ac009f0272010af833a0dbcd7ead9 11.4.74.59:6000@16000 master - 0 1523950548000 2 connected 5461-10922

 2018-04-17 15:36:05 [redisson-netty-1-2] INFO  org.redisson.cluster.ClusterConnectionManager - slaves: [redis://11.4.74.58:6000] added for slot ranges: [[10923-16383]]
 2018-04-17 15:36:05 [redisson-netty-1-3] INFO  org.redisson.cluster.ClusterConnectionManager - slaves: [redis://11.4.74.51:6000] added for slot ranges: [[0-5460]]
 2018-04-17 15:36:05 [redisson-netty-1-2] INFO  org.redisson.connection.pool.MasterConnectionPool - 20 connections initialized for /11.4.74.44:6000
 2018-04-17 15:36:05 [redisson-netty-1-6] INFO  org.redisson.connection.pool.MasterConnectionPool - 20 connections initialized for /11.4.74.57:6000
 2018-04-17 15:36:05 [redisson-netty-1-6] INFO  org.redisson.cluster.ClusterConnectionManager - master: redis://11.4.74.57:6000 added for slot ranges: [[0-5460]]
 2018-04-17 15:36:05 [redisson-netty-1-2] INFO  org.redisson.cluster.ClusterConnectionManager - master: redis://11.4.74.44:6000 added for slot ranges: [[10923-16383]]
 2018-04-17 15:36:05 [redisson-netty-1-7] INFO  org.redisson.connection.pool.SlaveConnectionPool - 20 connections initialized for /11.4.74.51:6000
 2018-04-17 15:36:05 [redisson-netty-1-3] INFO  org.redisson.cluster.ClusterConnectionManager - slaves: [redis://11.4.74.48:6000] added for slot ranges: [[5461-10922]]
 2018-04-17 15:36:05 [redisson-netty-1-3] INFO  org.redisson.connection.pool.SlaveConnectionPool - 20 connections initialized for /11.4.74.58:6000
 2018-04-17 15:36:05 [redisson-netty-1-4] INFO  org.redisson.connection.pool.MasterConnectionPool - 20 connections initialized for /11.4.74.59:6000
 2018-04-17 15:36:05 [redisson-netty-1-4] INFO  org.redisson.cluster.ClusterConnectionManager - master: redis://11.4.74.59:6000 added for slot ranges: [[5461-10922]]
 2018-04-17 15:36:05 [redisson-netty-1-5] INFO  org.redisson.connection.pool.SlaveConnectionPool - 20 connections initialized for /11.4.74.48:6000
 2018-04-17 15:36:07 [main] INFO  com.xmair.restapi.apiversion.VersionHandlerMapping - Mapped "{[/error]}" onto public com.xmair.core.util.ResultBean<java.lang.String> com.xmair.restapi.controller.HttpErrorController.handleError()
 2018-04-17 15:36:07 [main] INFO  com.xmair.restapi.apiversion.VersionHandlerMapping - Mapped "{[/v1/organ/get],methods=[GET]}" onto public com.xmair.core.util.ResultBean<com.xmair.core.entity.framedb.A1001> com.xmair.restapi.controller.OrganController.get(java.lang.String)
 2018-04-17 15:36:07 [main] INFO  com.xmair.restapi.apiversion.VersionHandlerMapping - Mapped "{[/v1/organ/getlist],methods=[GET]}" onto public com.xmair.core.util.ResultBean<java.util.List<com.xmair.core.entity.framedb.A1001>> com.xmair.restapi.controller.OrganController.getList(java.lang.String)
 2018-04-17 15:36:07 [main] INFO  com.xmair.restapi.apiversion.VersionHandlerMapping - Mapped "{[/redis/test],methods=[GET]}" onto public java.lang.String com.xmair.restapi.controller.RedisController.test()
 2018-04-17 15:36:07 [main] INFO  com.xmair.restapi.apiversion.VersionHandlerMapping - Mapped "{[/restapi/index]}" onto public java.lang.String com.xmair.restapi.controller.RestAPIController.index(int)
 2018-04-17 15:36:07 [main] INFO  com.xmair.restapi.apiversion.VersionHandlerMapping - Mapped "{[/restapi/test]}" onto public void com.xmair.restapi.controller.RestAPIController.test() throws java.io.IOException
 2018-04-17 15:36:07 [main] INFO  com.xmair.restapi.apiversion.VersionHandlerMapping - Mapped "{[/restapi/getOracleUser]}" onto public com.xmair.core.util.PageBean com.xmair.restapi.controller.RestAPIController.getOUser()
 2018-04-17 15:36:07 [main] INFO  com.xmair.restapi.apiversion.VersionHandlerMapping - Mapped "{[/v1/tbempdataall/get],methods=[GET]}" onto public com.xmair.core.util.ResultBean<com.xmair.core.entity.framedb.TbEmpDataAll> com.xmair.restapi.controller.TbEmpDataAllController.get(java.lang.String)
 2018-04-17 15:36:07 [main] INFO  com.xmair.restapi.apiversion.VersionHandlerMapping - Mapped "{[/v1/tbempdataall/update],methods=[POST]}" onto public com.xmair.core.util.ResultBean<java.lang.String> com.xmair.restapi.controller.TbEmpDataAllController.update(com.xmair.core.entity.framedb.TbEmpDataAll)
 2018-04-17 15:36:07 [main] INFO  com.xmair.restapi.apiversion.VersionHandlerMapping - Mapped "{[/v1/tbempdataall/deleteByID],methods=[POST]}" onto public com.xmair.core.util.ResultBean<java.lang.Integer> com.xmair.restapi.controller.TbEmpDataAllController.delete(java.lang.String)
 2018-04-17 15:36:07 [main] INFO  com.xmair.restapi.apiversion.VersionHandlerMapping - Mapped "{[/v1/tbempdataall/delete],methods=[POST]}" onto public com.xmair.core.util.ResultBean<java.lang.Integer> com.xmair.restapi.controller.TbEmpDataAllController.delete(com.xmair.core.entity.framedb.TbEmpDataAll)
 2018-04-17 15:36:07 [main] INFO  com.xmair.restapi.apiversion.VersionHandlerMapping - Mapped "{[/v1/tbempdataall/create],methods=[POST]}" onto public com.xmair.core.util.ResultBean<java.lang.String> com.xmair.restapi.controller.TbEmpDataAllController.create(com.xmair.core.entity.framedb.TbEmpDataAll)
 2018-04-17 15:36:07 [main] INFO  com.xmair.restapi.apiversion.VersionHandlerMapping - Mapped "{[/v1/tbempdataall/getlist],methods=[GET]}" onto public com.xmair.core.util.ResultBean<java.util.List<com.xmair.core.entity.framedb.TbEmpDataAll>> com.xmair.restapi.controller.TbEmpDataAllController.getList()
 2018-04-17 15:36:07 [main] INFO  com.xmair.restapi.apiversion.VersionHandlerMapping - Mapped "{[/v1/tbempdata/get],methods=[GET]}" onto public com.xmair.core.util.ResultBean<com.xmair.core.entity.framedb.TbEmpData> com.xmair.restapi.controller.TbEmpDataController.get(java.lang.String)
 2018-04-17 15:36:07 [main] INFO  com.xmair.restapi.apiversion.VersionHandlerMapping - Mapped "{[/v1/tbempdata/update],methods=[POST]}" onto public com.xmair.core.util.ResultBean<java.lang.String> com.xmair.restapi.controller.TbEmpDataController.update(com.xmair.core.entity.framedb.TbEmpData)
 2018-04-17 15:36:07 [main] INFO  com.xmair.restapi.apiversion.VersionHandlerMapping - Mapped "{[/v1/tbempdata/deleteByID],methods=[POST]}" onto public com.xmair.core.util.ResultBean<java.lang.Integer> com.xmair.restapi.controller.TbEmpDataController.delete(java.lang.String)
 2018-04-17 15:36:07 [main] INFO  com.xmair.restapi.apiversion.VersionHandlerMapping - Mapped "{[/v1/tbempdata/delete],methods=[POST]}" onto public com.xmair.core.util.ResultBean<java.lang.Integer> com.xmair.restapi.controller.TbEmpDataController.delete(com.xmair.core.entity.framedb.TbEmpData)
 2018-04-17 15:36:07 [main] INFO  com.xmair.restapi.apiversion.VersionHandlerMapping - Mapped "{[/v1/tbempdata/create],methods=[POST]}" onto public com.xmair.core.util.ResultBean<java.lang.String> com.xmair.restapi.controller.TbEmpDataController.create(com.xmair.core.entity.framedb.TbEmpData)
 2018-04-17 15:36:07 [main] INFO  com.xmair.restapi.apiversion.VersionHandlerMapping - Mapped "{[/v1/tbempdata/getlist],methods=[GET]}" onto public com.xmair.core.util.ResultBean<java.util.List<com.xmair.core.entity.framedb.TbEmpData>> com.xmair.restapi.controller.TbEmpDataController.getList()
 2018-04-17 15:36:07 [main] INFO  com.xmair.restapi.apiversion.VersionHandlerMapping - Mapped "{[/swagger-resources/configuration/ui]}" onto public org.springframework.http.ResponseEntity<springfox.documentation.swagger.web.UiConfiguration> springfox.documentation.swagger.web.ApiResourceController.uiConfiguration()
 2018-04-17 15:36:07 [main] INFO  com.xmair.restapi.apiversion.VersionHandlerMapping - Mapped "{[/swagger-resources]}" onto public org.springframework.http.ResponseEntity<java.util.List<springfox.documentation.swagger.web.SwaggerResource>> springfox.documentation.swagger.web.ApiResourceController.swaggerResources()
 2018-04-17 15:36:07 [main] INFO  com.xmair.restapi.apiversion.VersionHandlerMapping - Mapped "{[/swagger-resources/configuration/security]}" onto public org.springframework.http.ResponseEntity<springfox.documentation.swagger.web.SecurityConfiguration> springfox.documentation.swagger.web.ApiResourceController.securityConfiguration()
 2018-04-17 15:36:09 [main] INFO  o.s.b.actuate.endpoint.mvc.EndpointHandlerMapping - Mapped "{[/refresh || /refresh.json],methods=[POST]}" onto public java.lang.Object org.springframework.cloud.endpoint.GenericPostableMvcEndpoint.invoke()
 2018-04-17 15:36:09 [main] INFO  o.s.b.actuate.endpoint.mvc.EndpointHandlerMapping - Mapped "{[/dump || /dump.json],methods=[GET],produces=[application/vnd.spring-boot.actuator.v1+json || application/json]}" onto public java.lang.Object org.springframework.boot.actuate.endpoint.mvc.EndpointMvcAdapter.invoke()
 2018-04-17 15:36:09 [main] INFO  o.s.b.actuate.endpoint.mvc.EndpointHandlerMapping - Mapped "{[/consul || /consul.json],methods=[GET],produces=[application/vnd.spring-boot.actuator.v1+json || application/json]}" onto public java.lang.Object org.springframework.boot.actuate.endpoint.mvc.EndpointMvcAdapter.invoke()
 2018-04-17 15:36:09 [main] INFO  o.s.b.actuate.endpoint.mvc.EndpointHandlerMapping - Mapped "{[/auditevents || /auditevents.json],methods=[GET],produces=[application/vnd.spring-boot.actuator.v1+json || application/json]}" onto public org.springframework.http.ResponseEntity<?> org.springframework.boot.actuate.endpoint.mvc.AuditEventsMvcEndpoint.findByPrincipalAndAfterAndType(java.lang.String,java.util.Date,java.lang.String)
 2018-04-17 15:36:09 [main] INFO  o.s.b.actuate.endpoint.mvc.EndpointHandlerMapping - Mapped "{[/loggers/{name:.*}],methods=[GET],produces=[application/vnd.spring-boot.actuator.v1+json || application/json]}" onto public java.lang.Object org.springframework.boot.actuate.endpoint.mvc.LoggersMvcEndpoint.get(java.lang.String)
 2018-04-17 15:36:09 [main] INFO  o.s.b.actuate.endpoint.mvc.EndpointHandlerMapping - Mapped "{[/loggers/{name:.*}],methods=[POST],consumes=[application/vnd.spring-boot.actuator.v1+json || application/json],produces=[application/vnd.spring-boot.actuator.v1+json || application/json]}" onto public java.lang.Object org.springframework.boot.actuate.endpoint.mvc.LoggersMvcEndpoint.set(java.lang.String,java.util.Map<java.lang.String, java.lang.String>)
 2018-04-17 15:36:09 [main] INFO  o.s.b.actuate.endpoint.mvc.EndpointHandlerMapping - Mapped "{[/loggers || /loggers.json],methods=[GET],produces=[application/vnd.spring-boot.actuator.v1+json || application/json]}" onto public java.lang.Object org.springframework.boot.actuate.endpoint.mvc.EndpointMvcAdapter.invoke()
 2018-04-17 15:36:09 [main] INFO  o.s.b.actuate.endpoint.mvc.EndpointHandlerMapping - Mapped "{[/health || /health.json],methods=[GET],produces=[application/vnd.spring-boot.actuator.v1+json || application/json]}" onto public java.lang.Object org.springframework.boot.actuate.endpoint.mvc.HealthMvcEndpoint.invoke(javax.servlet.http.HttpServletRequest,java.security.Principal)
 2018-04-17 15:36:09 [main] INFO  o.s.b.actuate.endpoint.mvc.EndpointHandlerMapping - Mapped "{[/features || /features.json],methods=[GET],produces=[application/vnd.spring-boot.actuator.v1+json || application/json]}" onto public java.lang.Object org.springframework.boot.actuate.endpoint.mvc.EndpointMvcAdapter.invoke()
 2018-04-17 15:36:09 [main] INFO  o.s.b.actuate.endpoint.mvc.EndpointHandlerMapping - Mapped "{[/heapdump || /heapdump.json],methods=[GET],produces=[application/octet-stream]}" onto public void org.springframework.boot.actuate.endpoint.mvc.HeapdumpMvcEndpoint.invoke(boolean,javax.servlet.http.HttpServletRequest,javax.servlet.http.HttpServletResponse) throws java.io.IOException,javax.servlet.ServletException
 2018-04-17 15:36:09 [main] INFO  o.s.b.actuate.endpoint.mvc.EndpointHandlerMapping - Mapped "{[/info || /info.json],methods=[GET],produces=[application/vnd.spring-boot.actuator.v1+json || application/json]}" onto public java.lang.Object org.springframework.boot.actuate.endpoint.mvc.EndpointMvcAdapter.invoke()
 2018-04-17 15:36:09 [main] INFO  o.s.b.actuate.endpoint.mvc.EndpointHandlerMapping - Mapped "{[/autoconfig || /autoconfig.json],methods=[GET],produces=[application/vnd.spring-boot.actuator.v1+json || application/json]}" onto public java.lang.Object org.springframework.boot.actuate.endpoint.mvc.EndpointMvcAdapter.invoke()
 2018-04-17 15:36:09 [main] INFO  o.s.b.actuate.endpoint.mvc.EndpointHandlerMapping - Mapped "{[/mappings || /mappings.json],methods=[GET],produces=[application/vnd.spring-boot.actuator.v1+json || application/json]}" onto public java.lang.Object org.springframework.boot.actuate.endpoint.mvc.EndpointMvcAdapter.invoke()
 2018-04-17 15:36:09 [main] INFO  o.s.b.actuate.endpoint.mvc.EndpointHandlerMapping - Mapped "{[/beans || /beans.json],methods=[GET],produces=[application/vnd.spring-boot.actuator.v1+json || application/json]}" onto public java.lang.Object org.springframework.boot.actuate.endpoint.mvc.EndpointMvcAdapter.invoke()
 2018-04-17 15:36:09 [main] INFO  o.s.b.actuate.endpoint.mvc.EndpointHandlerMapping - Mapped "{[/metrics/{name:.*}],methods=[GET],produces=[application/vnd.spring-boot.actuator.v1+json || application/json]}" onto public java.lang.Object org.springframework.boot.actuate.endpoint.mvc.MetricsMvcEndpoint.value(java.lang.String)
 2018-04-17 15:36:09 [main] INFO  o.s.b.actuate.endpoint.mvc.EndpointHandlerMapping - Mapped "{[/metrics || /metrics.json],methods=[GET],produces=[application/vnd.spring-boot.actuator.v1+json || application/json]}" onto public java.lang.Object org.springframework.boot.actuate.endpoint.mvc.EndpointMvcAdapter.invoke()
 2018-04-17 15:36:09 [main] INFO  o.s.b.actuate.endpoint.mvc.EndpointHandlerMapping - Mapped "{[/prometheus || /prometheus.json],methods=[GET],produces=[*/*]}" onto public org.springframework.http.ResponseEntity io.prometheus.client.spring.boot.PrometheusMvcEndpoint.value(java.util.Set<java.lang.String>)
 2018-04-17 15:36:09 [main] INFO  o.s.b.actuate.endpoint.mvc.EndpointHandlerMapping - Mapped "{[/prometheus || /prometheus.json],methods=[GET],produces=[application/vnd.spring-boot.actuator.v1+json || application/json]}" onto public java.lang.Object org.springframework.boot.actuate.endpoint.mvc.EndpointMvcAdapter.invoke()
 2018-04-17 15:36:09 [main] INFO  o.s.b.actuate.endpoint.mvc.EndpointHandlerMapping - Mapped "{[/trace || /trace.json],methods=[GET],produces=[application/vnd.spring-boot.actuator.v1+json || application/json]}" onto public java.lang.Object org.springframework.boot.actuate.endpoint.mvc.EndpointMvcAdapter.invoke()
 2018-04-17 15:36:09 [main] INFO  o.s.b.actuate.endpoint.mvc.EndpointHandlerMapping - Mapped "{[/env/{name:.*}],methods=[GET],produces=[application/vnd.spring-boot.actuator.v1+json || application/json]}" onto public java.lang.Object org.springframework.boot.actuate.endpoint.mvc.EnvironmentMvcEndpoint.value(java.lang.String)
 2018-04-17 15:36:09 [main] INFO  o.s.b.actuate.endpoint.mvc.EndpointHandlerMapping - Mapped "{[/env || /env.json],methods=[GET],produces=[application/vnd.spring-boot.actuator.v1+json || application/json]}" onto public java.lang.Object org.springframework.boot.actuate.endpoint.mvc.EndpointMvcAdapter.invoke()
 2018-04-17 15:36:09 [main] INFO  o.s.b.actuate.endpoint.mvc.EndpointHandlerMapping - Mapped "{[/env],methods=[POST]}" onto public java.lang.Object org.springframework.cloud.context.environment.EnvironmentManagerMvcEndpoint.value(java.util.Map<java.lang.String, java.lang.String>)
 2018-04-17 15:36:09 [main] INFO  o.s.b.actuate.endpoint.mvc.EndpointHandlerMapping - Mapped "{[/env/reset],methods=[POST]}" onto public java.util.Map<java.lang.String, java.lang.Object> org.springframework.cloud.context.environment.EnvironmentManagerMvcEndpoint.reset()
 2018-04-17 15:36:09 [main] INFO  o.s.b.actuate.endpoint.mvc.EndpointHandlerMapping - Mapped "{[/archaius || /archaius.json],methods=[GET],produces=[application/vnd.spring-boot.actuator.v1+json || application/json]}" onto public java.lang.Object org.springframework.boot.actuate.endpoint.mvc.EndpointMvcAdapter.invoke()
 2018-04-17 15:36:09 [main] INFO  o.s.b.actuate.endpoint.mvc.EndpointHandlerMapping - Mapped "{[/service-registry/instance-status],methods=[POST]}" onto public org.springframework.http.ResponseEntity<?> org.springframework.cloud.client.serviceregistry.endpoint.ServiceRegistryEndpoint.setStatus(java.lang.String)
 2018-04-17 15:36:09 [main] INFO  o.s.b.actuate.endpoint.mvc.EndpointHandlerMapping - Mapped "{[/service-registry/instance-status],methods=[GET]}" onto public org.springframework.http.ResponseEntity org.springframework.cloud.client.serviceregistry.endpoint.ServiceRegistryEndpoint.getStatus()
 2018-04-17 15:36:09 [main] INFO  o.s.b.actuate.endpoint.mvc.EndpointHandlerMapping - Mapped "{[/configprops || /configprops.json],methods=[GET],produces=[application/vnd.spring-boot.actuator.v1+json || application/json]}" onto public java.lang.Object org.springframework.boot.actuate.endpoint.mvc.EndpointMvcAdapter.invoke()
 2018-04-17 15:36:09 [main] INFO  s.d.s.w.PropertySourcedRequestMappingHandlerMapping - Mapped URL path [/v2/api-docs] onto method [public org.springframework.http.ResponseEntity<springfox.documentation.spring.web.json.Json> springfox.documentation.swagger2.web.Swagger2Controller.getDocumentation(java.lang.String,javax.servlet.http.HttpServletRequest)]
 2018-04-17 15:36:09 [main] INFO  o.s.web.servlet.handler.SimpleUrlHandlerMapping - Root mapping to handler of type [class org.springframework.web.servlet.mvc.ParameterizableViewController]
 2018-04-17 15:36:09 [main] INFO  o.s.web.servlet.handler.SimpleUrlHandlerMapping - Mapped URL path [/**] onto handler of type [class org.springframework.web.servlet.resource.ResourceHttpRequestHandler]
 2018-04-17 15:36:09 [main] INFO  o.s.web.servlet.handler.SimpleUrlHandlerMapping - Mapped URL path [/swagger-ui.html] onto handler of type [class org.springframework.web.servlet.resource.ResourceHttpRequestHandler]
 2018-04-17 15:36:09 [main] INFO  o.s.web.servlet.handler.SimpleUrlHandlerMapping - Mapped URL path [/webjars/**] onto handler of type [class org.springframework.web.servlet.resource.ResourceHttpRequestHandler]
 2018-04-17 15:36:09 [main] INFO  o.s.web.servlet.handler.SimpleUrlHandlerMapping - Mapped URL path [/**] onto handler of type [class org.springframework.web.servlet.resource.DefaultServletHttpRequestHandler]
 2018-04-17 15:36:09 [main] INFO  o.s.w.s.m.m.a.ExceptionHandlerExceptionResolver - Detected @ExceptionHandler methods in restExceptionHandler
 2018-04-17 15:36:10 [main] WARN  com.netflix.config.sources.URLConfigurationSource - No URLs will be polled as dynamic configuration sources.
 2018-04-17 15:36:10 [main] INFO  com.netflix.config.sources.URLConfigurationSource - To enable URLs as dynamic configuration sources, define System property archaius.configurationSource.additionalUrls or make config.properties available on classpath.
 2018-04-17 15:36:10 [main] WARN  com.netflix.config.sources.URLConfigurationSource - No URLs will be polled as dynamic configuration sources.
 2018-04-17 15:36:10 [main] INFO  com.netflix.config.sources.URLConfigurationSource - To enable URLs as dynamic configuration sources, define System property archaius.configurationSource.additionalUrls or make config.properties available on classpath.
 2018-04-17 15:36:11 [main] INFO  o.s.context.support.DefaultLifecycleProcessor - Starting beans in phase 0
 2018-04-17 15:36:11 [main] INFO  o.s.context.support.DefaultLifecycleProcessor - Starting beans in phase 2147483647
 2018-04-17 15:36:11 [main] INFO  s.d.s.web.plugins.DocumentationPluginsBootstrapper - Context refreshed
 2018-04-17 15:36:11 [main] INFO  s.d.s.web.plugins.DocumentationPluginsBootstrapper - Found 1 custom documentation plugin(s)
 2018-04-17 15:36:11 [main] INFO  s.d.spring.web.scanners.ApiListingReferenceScanner - Scanning for api listing references
 2018-04-17 15:36:11 [main] INFO  s.d.s.w.r.operation.CachingOperationNameGenerator - Generating unique operation named: testUsingGET_1
 2018-04-17 15:36:11 [main] INFO  s.d.s.w.r.operation.CachingOperationNameGenerator - Generating unique operation named: deleteUsingPOST_1
 2018-04-17 15:36:11 [main] INFO  s.d.s.w.r.operation.CachingOperationNameGenerator - Generating unique operation named: getUsingGET_1
 2018-04-17 15:36:11 [main] INFO  s.d.s.w.r.operation.CachingOperationNameGenerator - Generating unique operation named: getListUsingGET_1
 2018-04-17 15:36:11 [main] INFO  s.d.s.w.r.operation.CachingOperationNameGenerator - Generating unique operation named: createUsingPOST_1
 2018-04-17 15:36:11 [main] INFO  s.d.s.w.r.operation.CachingOperationNameGenerator - Generating unique operation named: deleteUsingPOST_2
 2018-04-17 15:36:11 [main] INFO  s.d.s.w.r.operation.CachingOperationNameGenerator - Generating unique operation named: deleteUsingPOST_3
 2018-04-17 15:36:11 [main] INFO  s.d.s.w.r.operation.CachingOperationNameGenerator - Generating unique operation named: getUsingGET_2
 2018-04-17 15:36:11 [main] INFO  s.d.s.w.r.operation.CachingOperationNameGenerator - Generating unique operation named: getListUsingGET_2
 2018-04-17 15:36:11 [main] INFO  s.d.s.w.r.operation.CachingOperationNameGenerator - Generating unique operation named: updateUsingPOST_1
 2018-04-17 15:36:12 [main] INFO  o.s.s.a.ScheduledAnnotationBeanPostProcessor - No TaskScheduler/ScheduledExecutorService bean found for scheduled processing
 2018-04-17 15:36:12 [main] INFO  com.xmair.restapi.RestapiApplicationTests - Started RestapiApplicationTests in 15.797 seconds (JVM running for 17.607)
 2018-04-17 15:36:12 [Thread-9] INFO  o.s.w.context.support.GenericWebApplicationContext - Closing org.springframework.web.context.support.GenericWebApplicationContext@70ab80e3: startup date [Tue Apr 17 15:35:58 CST 2018]; parent: org.springframework.context.annotation.AnnotationConfigApplicationContext@30bce90b
 2018-04-17 15:36:12 [Thread-9] INFO  o.s.context.support.DefaultLifecycleProcessor - Stopping beans in phase 2147483647
 2018-04-17 15:36:12 [Thread-9] INFO  o.s.context.support.DefaultLifecycleProcessor - Stopping beans in phase 0
